<?xml version="1.0" encoding="UTF-8"?>
<testsuite xmlns:xsi="http://www.w3.org/2001/XMLSchema-instance" xsi:noNamespaceSchemaLocation="https://maven.apache.org/surefire/maven-surefire-plugin/xsd/surefire-test-report.xsd" name="com.nnk.springboot.BidTests" time="18.104" tests="1" errors="1" skipped="0" failures="0">
  <properties>
[...]
</properties>
  <testcase name="bidListTest" classname="com.nnk.springboot.BidTests" time="0.447">
    <error message="could not execute statement; nested exception is org.hibernate.exception.GenericJDBCException: could not execute statement" type="org.springframework.orm.jpa.JpaSystemException">org.springframework.orm.jpa.JpaSystemException: could not execute statement; nested exception is org.hibernate.exception.GenericJDBCException: could not execute statement
	at com.nnk.springboot.BidTests.bidListTest(BidTests.java:27)
Caused by: org.hibernate.exception.GenericJDBCException: could not execute statement
	at com.nnk.springboot.BidTests.bidListTest(BidTests.java:27)
Caused by: java.sql.SQLException: Field 'bid_list_id' doesn't have a default value
	at com.nnk.springboot.BidTests.bidListTest(BidTests.java:27)
</error>
    <system-out><![CDATA[01:49:19.551 [main] DEBUG org.springframework.test.context.junit4.SpringJUnit4ClassRunner - SpringJUnit4ClassRunner constructor called with [class com.nnk.springboot.BidTests]
01:49:19.559 [main] DEBUG org.springframework.test.context.BootstrapUtils - Instantiating CacheAwareContextLoaderDelegate from class [org.springframework.test.context.cache.DefaultCacheAwareContextLoaderDelegate]
01:49:19.572 [main] DEBUG org.springframework.test.context.BootstrapUtils - Instantiating BootstrapContext using constructor [public org.springframework.test.context.support.DefaultBootstrapContext(java.lang.Class,org.springframework.test.context.CacheAwareContextLoaderDelegate)]
01:49:19.605 [main] DEBUG org.springframework.test.context.BootstrapUtils - Instantiating TestContextBootstrapper for test class [com.nnk.springboot.BidTests] from class [org.springframework.boot.test.context.SpringBootTestContextBootstrapper]
01:49:19.682 [main] INFO org.springframework.boot.test.context.SpringBootTestContextBootstrapper - Neither @ContextConfiguration nor @ContextHierarchy found for test class [com.nnk.springboot.BidTests], using SpringBootContextLoader
01:49:19.689 [main] DEBUG org.springframework.test.context.support.AbstractContextLoader - Did not detect default resource location for test class [com.nnk.springboot.BidTests]: class path resource [com/nnk/springboot/BidTests-context.xml] does not exist
01:49:19.690 [main] DEBUG org.springframework.test.context.support.AbstractContextLoader - Did not detect default resource location for test class [com.nnk.springboot.BidTests]: class path resource [com/nnk/springboot/BidTestsContext.groovy] does not exist
01:49:19.690 [main] INFO org.springframework.test.context.support.AbstractContextLoader - Could not detect default resource locations for test class [com.nnk.springboot.BidTests]: no resource found for suffixes {-context.xml, Context.groovy}.
01:49:19.692 [main] INFO org.springframework.test.context.support.AnnotationConfigContextLoaderUtils - Could not detect default configuration classes for test class [com.nnk.springboot.BidTests]: BidTests does not declare any static, non-private, non-final, nested classes annotated with @Configuration.
01:49:19.878 [main] DEBUG org.springframework.test.context.support.ActiveProfilesUtils - Could not find an 'annotation declaring class' for annotation type [org.springframework.test.context.ActiveProfiles] and class [com.nnk.springboot.BidTests]
01:49:19.892 [main] DEBUG org.springframework.core.env.StandardEnvironment - Adding PropertySource 'systemProperties' with lowest search precedence
01:49:19.893 [main] DEBUG org.springframework.core.env.StandardEnvironment - Adding PropertySource 'systemEnvironment' with lowest search precedence
01:49:19.893 [main] DEBUG org.springframework.core.env.StandardEnvironment - Initialized StandardEnvironment with PropertySources [MapPropertySource@1226204845 {name='systemProperties', properties={idea.version=2021.1.1, java.runtime.name=OpenJDK Runtime Environment, sun.boot.library.path=C:\Users\GBOUZAZI\.jdks\corretto-1.8.0_292\jre\bin, java.vm.version=25.292-b10, java.vm.vendor=Amazon.com Inc., java.vendor.url=https://aws.amazon.com/corretto/, path.separator=;, java.vm.name=OpenJDK 64-Bit Server VM, file.encoding.pkg=sun.io, user.country=FR, user.script=, sun.java.launcher=SUN_STANDARD, sun.os.patch.level=, java.vm.specification.name=Java Virtual Machine Specification, user.dir=C:\Users\GBOUZAZI\Desktop\JavaDA_PROJECT7_RESTAPI\Poseiden-skeleton, java.runtime.version=1.8.0_292-b10, basedir=C:\Users\GBOUZAZI\Desktop\JavaDA_PROJECT7_RESTAPI\Poseiden-skeleton, java.awt.graphicsenv=sun.awt.Win32GraphicsEnvironment, java.endorsed.dirs=C:\Users\GBOUZAZI\.jdks\corretto-1.8.0_292\jre\lib\endorsed, os.arch=amd64, surefire.real.class.path=C:\Users\GBOUZAZI\AppData\Local\Temp\surefire5626169219765050080\surefirebooter1045908453996318673.jar, java.io.tmpdir=C:\Users\GBOUZAZI\AppData\Local\Temp\, line.separator=
, java.vm.specification.vendor=Oracle Corporation, user.variant=, os.name=Windows 10, sun.jnu.encoding=Cp1252, java.library.path=C:\Users\GBOUZAZI\.jdks\corretto-1.8.0_292\jre\bin;C:\WINDOWS\Sun\Java\bin;C:\WINDOWS\system32;C:\WINDOWS;C:\Program Files\Common Files\Oracle\Java\javapath;C:\Program Files (x86)\Common Files\Oracle\Java\javapath;C:\WINDOWS\system32;C:\WINDOWS;C:\WINDOWS\System32\Wbem;C:\WINDOWS\System32\WindowsPowerShell\v1.0\;C:\WINDOWS\System32\OpenSSH\;D:\Tools\apache-maven-3.6.3\bin;D:\Tools\gradle-6.2.2\bin;C:\Program Files\Intel\WiFi\bin\;C:\Program Files\Common Files\Intel\WirelessCommon\;C:\Program Files (x86)\IBM\Personal Communications\;C:\Program Files (x86)\IBM\Trace Facility\;C:\Program Files\Git\cmd;C:\ProgramData\chocolatey\bin;C:\ProgramData\nvm;C:\Program Files\nodejs;C:\Program Files\nodejs\;C:\Program Files\MySQL\MySQL Server 8.0\bin;C:\apache-maven-3.6.3\bin;;C:\Program Files\Docker\Docker\resources\bin;C:\ProgramData\DockerDesktop\version-bin;C:\Program Files (x86)\Intel\Intel(R) Management Engine Components\DAL;C:\Program Files\Intel\Intel(R) Management Engine Components\DAL;C:\Users\GBOUZAZI\AppData\Local\Programs\Python\Python38\Scripts\;C:\Users\GBOUZAZI\AppData\Local\Programs\Python\Python38\;C:\Users\GBOUZAZI\AppData\Local\Programs\AdoptOpenJDK\jdk-11.0.9.11-hotspot\bin;C:\Ruby26-x64\bin;C:\Users\GBOUZAZI\AppData\Local\Microsoft\WindowsApps;C:\Users\GBOUZAZI\AppData\Local\Programs\Microsoft VS Code\bin;C:\Users\GBOUZAZI\AppData\Roaming\npm;C:\Program Files\JetBrains\WebStorm 2020.2.4\bin;C:\Users\GBOUZAZI\AppData\Local\Microsoft\WindowsApps;., surefire.test.class.path=C:\Users\GBOUZAZI\Desktop\JavaDA_PROJECT7_RESTAPI\Poseiden-skeleton\target\test-classes;C:\Users\GBOUZAZI\Desktop\JavaDA_PROJECT7_RESTAPI\Poseiden-skeleton\target\classes;C:\Users\GBOUZAZI\.m2\repository\org\springframework\boot\spring-boot-starter-data-redis\2.5.2\spring-boot-starter-data-redis-2.5.2.jar;C:\Users\GBOUZAZI\.m2\repository\org\springframework\boot\spring-boot-starter\2.0.4.RELEASE\spring-boot-starter-2.0.4.RELEASE.jar;C:\Users\GBOUZAZI\.m2\repository\org\springframework\boot\spring-boot-starter-logging\2.0.4.RELEASE\spring-boot-starter-logging-2.0.4.RELEASE.jar;C:\Users\GBOUZAZI\.m2\repository\ch\qos\logback\logback-classic\1.2.3\logback-classic-1.2.3.jar;C:\Users\GBOUZAZI\.m2\repository\ch\qos\logback\logback-core\1.2.3\logback-core-1.2.3.jar;C:\Users\GBOUZAZI\.m2\repository\org\apache\logging\log4j\log4j-to-slf4j\2.10.0\log4j-to-slf4j-2.10.0.jar;C:\Users\GBOUZAZI\.m2\repository\javax\annotation\javax.annotation-api\1.3.2\javax.annotation-api-1.3.2.jar;C:\Users\GBOUZAZI\.m2\repository\org\yaml\snakeyaml\1.19\snakeyaml-1.19.jar;C:\Users\GBOUZAZI\.m2\repository\org\springframework\data\spring-data-redis\2.0.9.RELEASE\spring-data-redis-2.0.9.RELEASE.jar;C:\Users\GBOUZAZI\.m2\repository\org\springframework\data\spring-data-keyvalue\2.0.9.RELEASE\spring-data-keyvalue-2.0.9.RELEASE.jar;C:\Users\GBOUZAZI\.m2\repository\org\springframework\spring-tx\5.0.8.RELEASE\spring-tx-5.0.8.RELEASE.jar;C:\Users\GBOUZAZI\.m2\repository\org\springframework\spring-oxm\5.0.8.RELEASE\spring-oxm-5.0.8.RELEASE.jar;C:\Users\GBOUZAZI\.m2\repository\org\springframework\spring-context-support\5.0.8.RELEASE\spring-context-support-5.0.8.RELEASE.jar;C:\Users\GBOUZAZI\.m2\repository\org\slf4j\slf4j-api\1.7.25\slf4j-api-1.7.25.jar;C:\Users\GBOUZAZI\.m2\repository\io\lettuce\lettuce-core\5.0.4.RELEASE\lettuce-core-5.0.4.RELEASE.jar;C:\Users\GBOUZAZI\.m2\repository\io\projectreactor\reactor-core\3.1.8.RELEASE\reactor-core-3.1.8.RELEASE.jar;C:\Users\GBOUZAZI\.m2\repository\org\reactivestreams\reactive-streams\1.0.2\reactive-streams-1.0.2.jar;C:\Users\GBOUZAZI\.m2\repository\io\netty\netty-common\4.1.27.Final\netty-common-4.1.27.Final.jar;C:\Users\GBOUZAZI\.m2\repository\io\netty\netty-transport\4.1.27.Final\netty-transport-4.1.27.Final.jar;C:\Users\GBOUZAZI\.m2\repository\io\netty\netty-buffer\4.1.27.Final\netty-buffer-4.1.27.Final.jar;C:\Users\GBOUZAZI\.m2\repository\io\netty\netty-resolver\4.1.27.Final\netty-resolver-4.1.27.Final.jar;C:\Users\GBOUZAZI\.m2\repository\io\netty\netty-handler\4.1.27.Final\netty-handler-4.1.27.Final.jar;C:\Users\GBOUZAZI\.m2\repository\io\netty\netty-codec\4.1.27.Final\netty-codec-4.1.27.Final.jar;C:\Users\GBOUZAZI\.m2\repository\org\springframework\boot\spring-boot-starter-test\2.0.4.RELEASE\spring-boot-starter-test-2.0.4.RELEASE.jar;C:\Users\GBOUZAZI\.m2\repository\org\springframework\boot\spring-boot-test\2.0.4.RELEASE\spring-boot-test-2.0.4.RELEASE.jar;C:\Users\GBOUZAZI\.m2\repository\org\springframework\boot\spring-boot-test-autoconfigure\2.0.4.RELEASE\spring-boot-test-autoconfigure-2.0.4.RELEASE.jar;C:\Users\GBOUZAZI\.m2\repository\com\jayway\jsonpath\json-path\2.4.0\json-path-2.4.0.jar;C:\Users\GBOUZAZI\.m2\repository\net\minidev\json-smart\2.3\json-smart-2.3.jar;C:\Users\GBOUZAZI\.m2\repository\net\minidev\accessors-smart\1.2\accessors-smart-1.2.jar;C:\Users\GBOUZAZI\.m2\repository\org\ow2\asm\asm\5.0.4\asm-5.0.4.jar;C:\Users\GBOUZAZI\.m2\repository\junit\junit\4.12\junit-4.12.jar;C:\Users\GBOUZAZI\.m2\repository\org\assertj\assertj-core\3.9.1\assertj-core-3.9.1.jar;C:\Users\GBOUZAZI\.m2\repository\org\mockito\mockito-core\2.15.0\mockito-core-2.15.0.jar;C:\Users\GBOUZAZI\.m2\repository\net\bytebuddy\byte-buddy\1.7.11\byte-buddy-1.7.11.jar;C:\Users\GBOUZAZI\.m2\repository\net\bytebuddy\byte-buddy-agent\1.7.11\byte-buddy-agent-1.7.11.jar;C:\Users\GBOUZAZI\.m2\repository\org\objenesis\objenesis\2.6\objenesis-2.6.jar;C:\Users\GBOUZAZI\.m2\repository\org\hamcrest\hamcrest-core\1.3\hamcrest-core-1.3.jar;C:\Users\GBOUZAZI\.m2\repository\org\hamcrest\hamcrest-library\1.3\hamcrest-library-1.3.jar;C:\Users\GBOUZAZI\.m2\repository\org\skyscreamer\jsonassert\1.5.0\jsonassert-1.5.0.jar;C:\Users\GBOUZAZI\.m2\repository\com\vaadin\external\google\android-json\0.0.20131108.vaadin1\android-json-0.0.20131108.vaadin1.jar;C:\Users\GBOUZAZI\.m2\repository\org\springframework\spring-core\5.0.8.RELEASE\spring-core-5.0.8.RELEASE.jar;C:\Users\GBOUZAZI\.m2\repository\org\springframework\spring-jcl\5.0.8.RELEASE\spring-jcl-5.0.8.RELEASE.jar;C:\Users\GBOUZAZI\.m2\repository\org\springframework\spring-test\5.0.8.RELEASE\spring-test-5.0.8.RELEASE.jar;C:\Users\GBOUZAZI\.m2\repository\org\xmlunit\xmlunit-core\2.5.1\xmlunit-core-2.5.1.jar;C:\Users\GBOUZAZI\.m2\repository\org\springframework\boot\spring-boot-starter-log4j2\2.0.4.RELEASE\spring-boot-starter-log4j2-2.0.4.RELEASE.jar;C:\Users\GBOUZAZI\.m2\repository\org\apache\logging\log4j\log4j-slf4j-impl\2.10.0\log4j-slf4j-impl-2.10.0.jar;C:\Users\GBOUZAZI\.m2\repository\org\apache\logging\log4j\log4j-api\2.10.0\log4j-api-2.10.0.jar;C:\Users\GBOUZAZI\.m2\repository\org\apache\logging\log4j\log4j-core\2.10.0\log4j-core-2.10.0.jar;C:\Users\GBOUZAZI\.m2\repository\org\apache\logging\log4j\log4j-jul\2.10.0\log4j-jul-2.10.0.jar;C:\Users\GBOUZAZI\.m2\repository\org\slf4j\jul-to-slf4j\1.7.25\jul-to-slf4j-1.7.25.jar;C:\Users\GBOUZAZI\.m2\repository\org\projectlombok\lombok\1.16.22\lombok-1.16.22.jar;C:\Users\GBOUZAZI\.m2\repository\org\springframework\boot\spring-boot-starter-data-jpa\2.0.4.RELEASE\spring-boot-starter-data-jpa-2.0.4.RELEASE.jar;C:\Users\GBOUZAZI\.m2\repository\org\springframework\boot\spring-boot-starter-aop\2.0.4.RELEASE\spring-boot-starter-aop-2.0.4.RELEASE.jar;C:\Users\GBOUZAZI\.m2\repository\org\aspectj\aspectjweaver\1.8.13\aspectjweaver-1.8.13.jar;C:\Users\GBOUZAZI\.m2\repository\org\springframework\boot\spring-boot-starter-jdbc\2.0.4.RELEASE\spring-boot-starter-jdbc-2.0.4.RELEASE.jar;C:\Users\GBOUZAZI\.m2\repository\com\zaxxer\HikariCP\2.7.9\HikariCP-2.7.9.jar;C:\Users\GBOUZAZI\.m2\repository\org\springframework\spring-jdbc\5.0.8.RELEASE\spring-jdbc-5.0.8.RELEASE.jar;C:\Users\GBOUZAZI\.m2\repository\org\hibernate\hibernate-core\5.2.17.Final\hibernate-core-5.2.17.Final.jar;C:\Users\GBOUZAZI\.m2\repository\org\jboss\logging\jboss-logging\3.3.2.Final\jboss-logging-3.3.2.Final.jar;C:\Users\GBOUZAZI\.m2\repository\org\hibernate\javax\persistence\hibernate-jpa-2.1-api\1.0.2.Final\hibernate-jpa-2.1-api-1.0.2.Final.jar;C:\Users\GBOUZAZI\.m2\repository\org\javassist\javassist\3.22.0-GA\javassist-3.22.0-GA.jar;C:\Users\GBOUZAZI\.m2\repository\antlr\antlr\2.7.7\antlr-2.7.7.jar;C:\Users\GBOUZAZI\.m2\repository\org\jboss\jandex\2.0.3.Final\jandex-2.0.3.Final.jar;C:\Users\GBOUZAZI\.m2\repository\com\fasterxml\classmate\1.3.4\classmate-1.3.4.jar;C:\Users\GBOUZAZI\.m2\repository\dom4j\dom4j\1.6.1\dom4j-1.6.1.jar;C:\Users\GBOUZAZI\.m2\repository\org\hibernate\common\hibernate-commons-annotations\5.0.1.Final\hibernate-commons-annotations-5.0.1.Final.jar;C:\Users\GBOUZAZI\.m2\repository\javax\transaction\javax.transaction-api\1.2\javax.transaction-api-1.2.jar;C:\Users\GBOUZAZI\.m2\repository\org\springframework\data\spring-data-jpa\2.0.9.RELEASE\spring-data-jpa-2.0.9.RELEASE.jar;C:\Users\GBOUZAZI\.m2\repository\org\springframework\data\spring-data-commons\2.0.9.RELEASE\spring-data-commons-2.0.9.RELEASE.jar;C:\Users\GBOUZAZI\.m2\repository\org\springframework\spring-orm\5.0.8.RELEASE\spring-orm-5.0.8.RELEASE.jar;C:\Users\GBOUZAZI\.m2\repository\org\springframework\spring-context\5.0.8.RELEASE\spring-context-5.0.8.RELEASE.jar;C:\Users\GBOUZAZI\.m2\repository\org\springframework\spring-beans\5.0.8.RELEASE\spring-beans-5.0.8.RELEASE.jar;C:\Users\GBOUZAZI\.m2\repository\org\springframework\spring-aspects\5.0.8.RELEASE\spring-aspects-5.0.8.RELEASE.jar;C:\Users\GBOUZAZI\.m2\repository\org\springframework\boot\spring-boot-starter-web\2.0.4.RELEASE\spring-boot-starter-web-2.0.4.RELEASE.jar;C:\Users\GBOUZAZI\.m2\repository\org\springframework\boot\spring-boot-starter-json\2.0.4.RELEASE\spring-boot-starter-json-2.0.4.RELEASE.jar;C:\Users\GBOUZAZI\.m2\repository\com\fasterxml\jackson\core\jackson-databind\2.9.6\jackson-databind-2.9.6.jar;C:\Users\GBOUZAZI\.m2\repository\com\fasterxml\jackson\core\jackson-annotations\2.9.0\jackson-annotations-2.9.0.jar;C:\Users\GBOUZAZI\.m2\repository\com\fasterxml\jackson\core\jackson-core\2.9.6\jackson-core-2.9.6.jar;C:\Users\GBOUZAZI\.m2\repository\com\fasterxml\jackson\datatype\jackson-datatype-jdk8\2.9.6\jackson-datatype-jdk8-2.9.6.jar;C:\Users\GBOUZAZI\.m2\repository\com\fasterxml\jackson\datatype\jackson-datatype-jsr310\2.9.6\jackson-datatype-jsr310-2.9.6.jar;C:\Users\GBOUZAZI\.m2\repository\com\fasterxml\jackson\module\jackson-module-parameter-names\2.9.6\jackson-module-parameter-names-2.9.6.jar;C:\Users\GBOUZAZI\.m2\repository\org\springframework\boot\spring-boot-starter-tomcat\2.0.4.RELEASE\spring-boot-starter-tomcat-2.0.4.RELEASE.jar;C:\Users\GBOUZAZI\.m2\repository\org\apache\tomcat\embed\tomcat-embed-core\8.5.32\tomcat-embed-core-8.5.32.jar;C:\Users\GBOUZAZI\.m2\repository\org\apache\tomcat\embed\tomcat-embed-el\8.5.32\tomcat-embed-el-8.5.32.jar;C:\Users\GBOUZAZI\.m2\repository\org\apache\tomcat\embed\tomcat-embed-websocket\8.5.32\tomcat-embed-websocket-8.5.32.jar;C:\Users\GBOUZAZI\.m2\repository\org\hibernate\validator\hibernate-validator\6.0.11.Final\hibernate-validator-6.0.11.Final.jar;C:\Users\GBOUZAZI\.m2\repository\javax\validation\validation-api\2.0.1.Final\validation-api-2.0.1.Final.jar;C:\Users\GBOUZAZI\.m2\repository\org\springframework\spring-web\5.0.8.RELEASE\spring-web-5.0.8.RELEASE.jar;C:\Users\GBOUZAZI\.m2\repository\org\springframework\spring-webmvc\5.0.8.RELEASE\spring-webmvc-5.0.8.RELEASE.jar;C:\Users\GBOUZAZI\.m2\repository\org\springframework\spring-expression\5.0.8.RELEASE\spring-expression-5.0.8.RELEASE.jar;C:\Users\GBOUZAZI\.m2\repository\org\springframework\boot\spring-boot-starter-thymeleaf\2.0.4.RELEASE\spring-boot-starter-thymeleaf-2.0.4.RELEASE.jar;C:\Users\GBOUZAZI\.m2\repository\org\thymeleaf\thymeleaf-spring5\3.0.9.RELEASE\thymeleaf-spring5-3.0.9.RELEASE.jar;C:\Users\GBOUZAZI\.m2\repository\org\thymeleaf\thymeleaf\3.0.9.RELEASE\thymeleaf-3.0.9.RELEASE.jar;C:\Users\GBOUZAZI\.m2\repository\org\attoparser\attoparser\2.0.4.RELEASE\attoparser-2.0.4.RELEASE.jar;C:\Users\GBOUZAZI\.m2\repository\org\unbescape\unbescape\1.1.5.RELEASE\unbescape-1.1.5.RELEASE.jar;C:\Users\GBOUZAZI\.m2\repository\org\thymeleaf\extras\thymeleaf-extras-java8time\3.0.1.RELEASE\thymeleaf-extras-java8time-3.0.1.RELEASE.jar;C:\Users\GBOUZAZI\.m2\repository\org\springframework\boot\spring-boot-starter-security\2.0.4.RELEASE\spring-boot-starter-security-2.0.4.RELEASE.jar;C:\Users\GBOUZAZI\.m2\repository\org\springframework\spring-aop\5.0.8.RELEASE\spring-aop-5.0.8.RELEASE.jar;C:\Users\GBOUZAZI\.m2\repository\org\springframework\security\spring-security-config\5.0.7.RELEASE\spring-security-config-5.0.7.RELEASE.jar;C:\Users\GBOUZAZI\.m2\repository\org\springframework\security\spring-security-core\5.0.7.RELEASE\spring-security-core-5.0.7.RELEASE.jar;C:\Users\GBOUZAZI\.m2\repository\org\springframework\security\spring-security-web\5.0.7.RELEASE\spring-security-web-5.0.7.RELEASE.jar;C:\Users\GBOUZAZI\.m2\repository\org\springframework\boot\spring-boot-devtools\2.0.4.RELEASE\spring-boot-devtools-2.0.4.RELEASE.jar;C:\Users\GBOUZAZI\.m2\repository\org\springframework\boot\spring-boot\2.0.4.RELEASE\spring-boot-2.0.4.RELEASE.jar;C:\Users\GBOUZAZI\.m2\repository\org\springframework\boot\spring-boot-autoconfigure\2.0.4.RELEASE\spring-boot-autoconfigure-2.0.4.RELEASE.jar;C:\Users\GBOUZAZI\.m2\repository\mysql\mysql-connector-java\5.1.46\mysql-connector-java-5.1.46.jar;C:\Users\GBOUZAZI\.m2\repository\com\h2database\h2\1.4.197\h2-1.4.197.jar;, java.specification.name=Java Platform API Specification, java.class.version=52.0, sun.management.compiler=HotSpot 64-Bit Tiered Compilers, os.version=10.0, user.home=C:\Users\GBOUZAZI, user.timezone=Europe/Paris, java.awt.printerjob=sun.awt.windows.WPrinterJob, file.encoding=Cp1252, java.specification.version=1.8, java.class.path=C:\Users\GBOUZAZI\Desktop\JavaDA_PROJECT7_RESTAPI\Poseiden-skeleton\target\test-classes;C:\Users\GBOUZAZI\Desktop\JavaDA_PROJECT7_RESTAPI\Poseiden-skeleton\target\classes;C:\Users\GBOUZAZI\.m2\repository\org\springframework\boot\spring-boot-starter-data-redis\2.5.2\spring-boot-starter-data-redis-2.5.2.jar;C:\Users\GBOUZAZI\.m2\repository\org\springframework\boot\spring-boot-starter\2.0.4.RELEASE\spring-boot-starter-2.0.4.RELEASE.jar;C:\Users\GBOUZAZI\.m2\repository\org\springframework\boot\spring-boot-starter-logging\2.0.4.RELEASE\spring-boot-starter-logging-2.0.4.RELEASE.jar;C:\Users\GBOUZAZI\.m2\repository\ch\qos\logback\logback-classic\1.2.3\logback-classic-1.2.3.jar;C:\Users\GBOUZAZI\.m2\repository\ch\qos\logback\logback-core\1.2.3\logback-core-1.2.3.jar;C:\Users\GBOUZAZI\.m2\repository\org\apache\logging\log4j\log4j-to-slf4j\2.10.0\log4j-to-slf4j-2.10.0.jar;C:\Users\GBOUZAZI\.m2\repository\javax\annotation\javax.annotation-api\1.3.2\javax.annotation-api-1.3.2.jar;C:\Users\GBOUZAZI\.m2\repository\org\yaml\snakeyaml\1.19\snakeyaml-1.19.jar;C:\Users\GBOUZAZI\.m2\repository\org\springframework\data\spring-data-redis\2.0.9.RELEASE\spring-data-redis-2.0.9.RELEASE.jar;C:\Users\GBOUZAZI\.m2\repository\org\springframework\data\spring-data-keyvalue\2.0.9.RELEASE\spring-data-keyvalue-2.0.9.RELEASE.jar;C:\Users\GBOUZAZI\.m2\repository\org\springframework\spring-tx\5.0.8.RELEASE\spring-tx-5.0.8.RELEASE.jar;C:\Users\GBOUZAZI\.m2\repository\org\springframework\spring-oxm\5.0.8.RELEASE\spring-oxm-5.0.8.RELEASE.jar;C:\Users\GBOUZAZI\.m2\repository\org\springframework\spring-context-support\5.0.8.RELEASE\spring-context-support-5.0.8.RELEASE.jar;C:\Users\GBOUZAZI\.m2\repository\org\slf4j\slf4j-api\1.7.25\slf4j-api-1.7.25.jar;C:\Users\GBOUZAZI\.m2\repository\io\lettuce\lettuce-core\5.0.4.RELEASE\lettuce-core-5.0.4.RELEASE.jar;C:\Users\GBOUZAZI\.m2\repository\io\projectreactor\reactor-core\3.1.8.RELEASE\reactor-core-3.1.8.RELEASE.jar;C:\Users\GBOUZAZI\.m2\repository\org\reactivestreams\reactive-streams\1.0.2\reactive-streams-1.0.2.jar;C:\Users\GBOUZAZI\.m2\repository\io\netty\netty-common\4.1.27.Final\netty-common-4.1.27.Final.jar;C:\Users\GBOUZAZI\.m2\repository\io\netty\netty-transport\4.1.27.Final\netty-transport-4.1.27.Final.jar;C:\Users\GBOUZAZI\.m2\repository\io\netty\netty-buffer\4.1.27.Final\netty-buffer-4.1.27.Final.jar;C:\Users\GBOUZAZI\.m2\repository\io\netty\netty-resolver\4.1.27.Final\netty-resolver-4.1.27.Final.jar;C:\Users\GBOUZAZI\.m2\repository\io\netty\netty-handler\4.1.27.Final\netty-handler-4.1.27.Final.jar;C:\Users\GBOUZAZI\.m2\repository\io\netty\netty-codec\4.1.27.Final\netty-codec-4.1.27.Final.jar;C:\Users\GBOUZAZI\.m2\repository\org\springframework\boot\spring-boot-starter-test\2.0.4.RELEASE\spring-boot-starter-test-2.0.4.RELEASE.jar;C:\Users\GBOUZAZI\.m2\repository\org\springframework\boot\spring-boot-test\2.0.4.RELEASE\spring-boot-test-2.0.4.RELEASE.jar;C:\Users\GBOUZAZI\.m2\repository\org\springframework\boot\spring-boot-test-autoconfigure\2.0.4.RELEASE\spring-boot-test-autoconfigure-2.0.4.RELEASE.jar;C:\Users\GBOUZAZI\.m2\repository\com\jayway\jsonpath\json-path\2.4.0\json-path-2.4.0.jar;C:\Users\GBOUZAZI\.m2\repository\net\minidev\json-smart\2.3\json-smart-2.3.jar;C:\Users\GBOUZAZI\.m2\repository\net\minidev\accessors-smart\1.2\accessors-smart-1.2.jar;C:\Users\GBOUZAZI\.m2\repository\org\ow2\asm\asm\5.0.4\asm-5.0.4.jar;C:\Users\GBOUZAZI\.m2\repository\junit\junit\4.12\junit-4.12.jar;C:\Users\GBOUZAZI\.m2\repository\org\assertj\assertj-core\3.9.1\assertj-core-3.9.1.jar;C:\Users\GBOUZAZI\.m2\repository\org\mockito\mockito-core\2.15.0\mockito-core-2.15.0.jar;C:\Users\GBOUZAZI\.m2\repository\net\bytebuddy\byte-buddy\1.7.11\byte-buddy-1.7.11.jar;C:\Users\GBOUZAZI\.m2\repository\net\bytebuddy\byte-buddy-agent\1.7.11\byte-buddy-agent-1.7.11.jar;C:\Users\GBOUZAZI\.m2\repository\org\objenesis\objenesis\2.6\objenesis-2.6.jar;C:\Users\GBOUZAZI\.m2\repository\org\hamcrest\hamcrest-core\1.3\hamcrest-core-1.3.jar;C:\Users\GBOUZAZI\.m2\repository\org\hamcrest\hamcrest-library\1.3\hamcrest-library-1.3.jar;C:\Users\GBOUZAZI\.m2\repository\org\skyscreamer\jsonassert\1.5.0\jsonassert-1.5.0.jar;C:\Users\GBOUZAZI\.m2\repository\com\vaadin\external\google\android-json\0.0.20131108.vaadin1\android-json-0.0.20131108.vaadin1.jar;C:\Users\GBOUZAZI\.m2\repository\org\springframework\spring-core\5.0.8.RELEASE\spring-core-5.0.8.RELEASE.jar;C:\Users\GBOUZAZI\.m2\repository\org\springframework\spring-jcl\5.0.8.RELEASE\spring-jcl-5.0.8.RELEASE.jar;C:\Users\GBOUZAZI\.m2\repository\org\springframework\spring-test\5.0.8.RELEASE\spring-test-5.0.8.RELEASE.jar;C:\Users\GBOUZAZI\.m2\repository\org\xmlunit\xmlunit-core\2.5.1\xmlunit-core-2.5.1.jar;C:\Users\GBOUZAZI\.m2\repository\org\springframework\boot\spring-boot-starter-log4j2\2.0.4.RELEASE\spring-boot-starter-log4j2-2.0.4.RELEASE.jar;C:\Users\GBOUZAZI\.m2\repository\org\apache\logging\log4j\log4j-slf4j-impl\2.10.0\log4j-slf4j-impl-2.10.0.jar;C:\Users\GBOUZAZI\.m2\repository\org\apache\logging\log4j\log4j-api\2.10.0\log4j-api-2.10.0.jar;C:\Users\GBOUZAZI\.m2\repository\org\apache\logging\log4j\log4j-core\2.10.0\log4j-core-2.10.0.jar;C:\Users\GBOUZAZI\.m2\repository\org\apache\logging\log4j\log4j-jul\2.10.0\log4j-jul-2.10.0.jar;C:\Users\GBOUZAZI\.m2\repository\org\slf4j\jul-to-slf4j\1.7.25\jul-to-slf4j-1.7.25.jar;C:\Users\GBOUZAZI\.m2\repository\org\projectlombok\lombok\1.16.22\lombok-1.16.22.jar;C:\Users\GBOUZAZI\.m2\repository\org\springframework\boot\spring-boot-starter-data-jpa\2.0.4.RELEASE\spring-boot-starter-data-jpa-2.0.4.RELEASE.jar;C:\Users\GBOUZAZI\.m2\repository\org\springframework\boot\spring-boot-starter-aop\2.0.4.RELEASE\spring-boot-starter-aop-2.0.4.RELEASE.jar;C:\Users\GBOUZAZI\.m2\repository\org\aspectj\aspectjweaver\1.8.13\aspectjweaver-1.8.13.jar;C:\Users\GBOUZAZI\.m2\repository\org\springframework\boot\spring-boot-starter-jdbc\2.0.4.RELEASE\spring-boot-starter-jdbc-2.0.4.RELEASE.jar;C:\Users\GBOUZAZI\.m2\repository\com\zaxxer\HikariCP\2.7.9\HikariCP-2.7.9.jar;C:\Users\GBOUZAZI\.m2\repository\org\springframework\spring-jdbc\5.0.8.RELEASE\spring-jdbc-5.0.8.RELEASE.jar;C:\Users\GBOUZAZI\.m2\repository\org\hibernate\hibernate-core\5.2.17.Final\hibernate-core-5.2.17.Final.jar;C:\Users\GBOUZAZI\.m2\repository\org\jboss\logging\jboss-logging\3.3.2.Final\jboss-logging-3.3.2.Final.jar;C:\Users\GBOUZAZI\.m2\repository\org\hibernate\javax\persistence\hibernate-jpa-2.1-api\1.0.2.Final\hibernate-jpa-2.1-api-1.0.2.Final.jar;C:\Users\GBOUZAZI\.m2\repository\org\javassist\javassist\3.22.0-GA\javassist-3.22.0-GA.jar;C:\Users\GBOUZAZI\.m2\repository\antlr\antlr\2.7.7\antlr-2.7.7.jar;C:\Users\GBOUZAZI\.m2\repository\org\jboss\jandex\2.0.3.Final\jandex-2.0.3.Final.jar;C:\Users\GBOUZAZI\.m2\repository\com\fasterxml\classmate\1.3.4\classmate-1.3.4.jar;C:\Users\GBOUZAZI\.m2\repository\dom4j\dom4j\1.6.1\dom4j-1.6.1.jar;C:\Users\GBOUZAZI\.m2\repository\org\hibernate\common\hibernate-commons-annotations\5.0.1.Final\hibernate-commons-annotations-5.0.1.Final.jar;C:\Users\GBOUZAZI\.m2\repository\javax\transaction\javax.transaction-api\1.2\javax.transaction-api-1.2.jar;C:\Users\GBOUZAZI\.m2\repository\org\springframework\data\spring-data-jpa\2.0.9.RELEASE\spring-data-jpa-2.0.9.RELEASE.jar;C:\Users\GBOUZAZI\.m2\repository\org\springframework\data\spring-data-commons\2.0.9.RELEASE\spring-data-commons-2.0.9.RELEASE.jar;C:\Users\GBOUZAZI\.m2\repository\org\springframework\spring-orm\5.0.8.RELEASE\spring-orm-5.0.8.RELEASE.jar;C:\Users\GBOUZAZI\.m2\repository\org\springframework\spring-context\5.0.8.RELEASE\spring-context-5.0.8.RELEASE.jar;C:\Users\GBOUZAZI\.m2\repository\org\springframework\spring-beans\5.0.8.RELEASE\spring-beans-5.0.8.RELEASE.jar;C:\Users\GBOUZAZI\.m2\repository\org\springframework\spring-aspects\5.0.8.RELEASE\spring-aspects-5.0.8.RELEASE.jar;C:\Users\GBOUZAZI\.m2\repository\org\springframework\boot\spring-boot-starter-web\2.0.4.RELEASE\spring-boot-starter-web-2.0.4.RELEASE.jar;C:\Users\GBOUZAZI\.m2\repository\org\springframework\boot\spring-boot-starter-json\2.0.4.RELEASE\spring-boot-starter-json-2.0.4.RELEASE.jar;C:\Users\GBOUZAZI\.m2\repository\com\fasterxml\jackson\core\jackson-databind\2.9.6\jackson-databind-2.9.6.jar;C:\Users\GBOUZAZI\.m2\repository\com\fasterxml\jackson\core\jackson-annotations\2.9.0\jackson-annotations-2.9.0.jar;C:\Users\GBOUZAZI\.m2\repository\com\fasterxml\jackson\core\jackson-core\2.9.6\jackson-core-2.9.6.jar;C:\Users\GBOUZAZI\.m2\repository\com\fasterxml\jackson\datatype\jackson-datatype-jdk8\2.9.6\jackson-datatype-jdk8-2.9.6.jar;C:\Users\GBOUZAZI\.m2\repository\com\fasterxml\jackson\datatype\jackson-datatype-jsr310\2.9.6\jackson-datatype-jsr310-2.9.6.jar;C:\Users\GBOUZAZI\.m2\repository\com\fasterxml\jackson\module\jackson-module-parameter-names\2.9.6\jackson-module-parameter-names-2.9.6.jar;C:\Users\GBOUZAZI\.m2\repository\org\springframework\boot\spring-boot-starter-tomcat\2.0.4.RELEASE\spring-boot-starter-tomcat-2.0.4.RELEASE.jar;C:\Users\GBOUZAZI\.m2\repository\org\apache\tomcat\embed\tomcat-embed-core\8.5.32\tomcat-embed-core-8.5.32.jar;C:\Users\GBOUZAZI\.m2\repository\org\apache\tomcat\embed\tomcat-embed-el\8.5.32\tomcat-embed-el-8.5.32.jar;C:\Users\GBOUZAZI\.m2\repository\org\apache\tomcat\embed\tomcat-embed-websocket\8.5.32\tomcat-embed-websocket-8.5.32.jar;C:\Users\GBOUZAZI\.m2\repository\org\hibernate\validator\hibernate-validator\6.0.11.Final\hibernate-validator-6.0.11.Final.jar;C:\Users\GBOUZAZI\.m2\repository\javax\validation\validation-api\2.0.1.Final\validation-api-2.0.1.Final.jar;C:\Users\GBOUZAZI\.m2\repository\org\springframework\spring-web\5.0.8.RELEASE\spring-web-5.0.8.RELEASE.jar;C:\Users\GBOUZAZI\.m2\repository\org\springframework\spring-webmvc\5.0.8.RELEASE\spring-webmvc-5.0.8.RELEASE.jar;C:\Users\GBOUZAZI\.m2\repository\org\springframework\spring-expression\5.0.8.RELEASE\spring-expression-5.0.8.RELEASE.jar;C:\Users\GBOUZAZI\.m2\repository\org\springframework\boot\spring-boot-starter-thymeleaf\2.0.4.RELEASE\spring-boot-starter-thymeleaf-2.0.4.RELEASE.jar;C:\Users\GBOUZAZI\.m2\repository\org\thymeleaf\thymeleaf-spring5\3.0.9.RELEASE\thymeleaf-spring5-3.0.9.RELEASE.jar;C:\Users\GBOUZAZI\.m2\repository\org\thymeleaf\thymeleaf\3.0.9.RELEASE\thymeleaf-3.0.9.RELEASE.jar;C:\Users\GBOUZAZI\.m2\repository\org\attoparser\attoparser\2.0.4.RELEASE\attoparser-2.0.4.RELEASE.jar;C:\Users\GBOUZAZI\.m2\repository\org\unbescape\unbescape\1.1.5.RELEASE\unbescape-1.1.5.RELEASE.jar;C:\Users\GBOUZAZI\.m2\repository\org\thymeleaf\extras\thymeleaf-extras-java8time\3.0.1.RELEASE\thymeleaf-extras-java8time-3.0.1.RELEASE.jar;C:\Users\GBOUZAZI\.m2\repository\org\springframework\boot\spring-boot-starter-security\2.0.4.RELEASE\spring-boot-starter-security-2.0.4.RELEASE.jar;C:\Users\GBOUZAZI\.m2\repository\org\springframework\spring-aop\5.0.8.RELEASE\spring-aop-5.0.8.RELEASE.jar;C:\Users\GBOUZAZI\.m2\repository\org\springframework\security\spring-security-config\5.0.7.RELEASE\spring-security-config-5.0.7.RELEASE.jar;C:\Users\GBOUZAZI\.m2\repository\org\springframework\security\spring-security-core\5.0.7.RELEASE\spring-security-core-5.0.7.RELEASE.jar;C:\Users\GBOUZAZI\.m2\repository\org\springframework\security\spring-security-web\5.0.7.RELEASE\spring-security-web-5.0.7.RELEASE.jar;C:\Users\GBOUZAZI\.m2\repository\org\springframework\boot\spring-boot-devtools\2.0.4.RELEASE\spring-boot-devtools-2.0.4.RELEASE.jar;C:\Users\GBOUZAZI\.m2\repository\org\springframework\boot\spring-boot\2.0.4.RELEASE\spring-boot-2.0.4.RELEASE.jar;C:\Users\GBOUZAZI\.m2\repository\org\springframework\boot\spring-boot-autoconfigure\2.0.4.RELEASE\spring-boot-autoconfigure-2.0.4.RELEASE.jar;C:\Users\GBOUZAZI\.m2\repository\mysql\mysql-connector-java\5.1.46\mysql-connector-java-5.1.46.jar;C:\Users\GBOUZAZI\.m2\repository\com\h2database\h2\1.4.197\h2-1.4.197.jar;, user.name=GBOUZAZI, java.vm.specification.version=1.8, sun.java.command=C:\Users\GBOUZAZI\AppData\Local\Temp\surefire5626169219765050080\surefirebooter1045908453996318673.jar C:\Users\GBOUZAZI\AppData\Local\Temp\surefire5626169219765050080 2021-07-10T01-49-15_634-jvmRun1 surefire3292331147528326164tmp surefire_06398304535699588039tmp, java.home=C:\Users\GBOUZAZI\.jdks\corretto-1.8.0_292\jre, sun.arch.data.model=64, user.language=fr, java.specification.vendor=Oracle Corporation, awt.toolkit=sun.awt.windows.WToolkit, java.vm.info=mixed mode, java.version=1.8.0_292, java.ext.dirs=C:\Users\GBOUZAZI\.jdks\corretto-1.8.0_292\jre\lib\ext;C:\WINDOWS\Sun\Java\lib\ext, sun.boot.class.path=C:\Users\GBOUZAZI\.jdks\corretto-1.8.0_292\jre\lib\resources.jar;C:\Users\GBOUZAZI\.jdks\corretto-1.8.0_292\jre\lib\rt.jar;C:\Users\GBOUZAZI\.jdks\corretto-1.8.0_292\jre\lib\sunrsasign.jar;C:\Users\GBOUZAZI\.jdks\corretto-1.8.0_292\jre\lib\jsse.jar;C:\Users\GBOUZAZI\.jdks\corretto-1.8.0_292\jre\lib\jce.jar;C:\Users\GBOUZAZI\.jdks\corretto-1.8.0_292\jre\lib\charsets.jar;C:\Users\GBOUZAZI\.jdks\corretto-1.8.0_292\jre\lib\jfr.jar;C:\Users\GBOUZAZI\.jdks\corretto-1.8.0_292\jre\classes, java.vendor=Amazon.com Inc., localRepository=C:\Users\GBOUZAZI\.m2\repository, file.separator=\, java.vendor.url.bug=https://github.com/corretto/corretto-8/issues/, sun.io.unicode.encoding=UnicodeLittle, sun.cpu.endian=little, sun.desktop=windows, sun.cpu.isalist=amd64}}, SystemEnvironmentPropertySource@393040818 {name='systemEnvironment', properties={PATH=C:\Program Files\Common Files\Oracle\Java\javapath;C:\Program Files (x86)\Common Files\Oracle\Java\javapath;C:\WINDOWS\system32;C:\WINDOWS;C:\WINDOWS\System32\Wbem;C:\WINDOWS\System32\WindowsPowerShell\v1.0\;C:\WINDOWS\System32\OpenSSH\;D:\Tools\apache-maven-3.6.3\bin;D:\Tools\gradle-6.2.2\bin;C:\Program Files\Intel\WiFi\bin\;C:\Program Files\Common Files\Intel\WirelessCommon\;C:\Program Files (x86)\IBM\Personal Communications\;C:\Program Files (x86)\IBM\Trace Facility\;C:\Program Files\Git\cmd;C:\ProgramData\chocolatey\bin;C:\ProgramData\nvm;C:\Program Files\nodejs;C:\Program Files\nodejs\;C:\Program Files\MySQL\MySQL Server 8.0\bin;C:\apache-maven-3.6.3\bin;;C:\Program Files\Docker\Docker\resources\bin;C:\ProgramData\DockerDesktop\version-bin;C:\Program Files (x86)\Intel\Intel(R) Management Engine Components\DAL;C:\Program Files\Intel\Intel(R) Management Engine Components\DAL;C:\Users\GBOUZAZI\AppData\Local\Programs\Python\Python38\Scripts\;C:\Users\GBOUZAZI\AppData\Local\Programs\Python\Python38\;C:\Users\GBOUZAZI\AppData\Local\Programs\AdoptOpenJDK\jdk-11.0.9.11-hotspot\bin;C:\Ruby26-x64\bin;C:\Users\GBOUZAZI\AppData\Local\Microsoft\WindowsApps;C:\Users\GBOUZAZI\AppData\Local\Programs\Microsoft VS Code\bin;C:\Users\GBOUZAZI\AppData\Roaming\npm;C:\Program Files\JetBrains\WebStorm 2020.2.4\bin;C:\Users\GBOUZAZI\AppData\Local\Microsoft\WindowsApps, USERDOMAIN_ROAMINGPROFILE=GROUP, NVM_SYMLINK=C:\Program Files\nodejs, PROCESSOR_LEVEL=6, SYSTEMDRIVE=C:, SESSIONNAME=Console, ALLUSERSPROFILE=C:\ProgramData, PROCESSOR_ARCHITECTURE=AMD64, DRIVERDATA=C:\Windows\System32\Drivers\DriverData, PROGRAMFILES=C:\Program Files, PSMODULEPATH=%ProgramFiles%\WindowsPowerShell\Modules;C:\WINDOWS\system32\WindowsPowerShell\v1.0\Modules, PROGRAMDATA=C:\ProgramData, CHOCOLATEYLASTPATHUPDATE=132434398928443501, USERNAME=GBOUZAZI, USERDNSDOMAIN=GROUP.HARDIS, TOOLBOX_VERSION=1.20.8804, ONEDRIVE=C:\Users\GBOUZAZI\OneDrive - Hardis Group, PATHEXT=.COM;.EXE;.BAT;.CMD;.VBS;.VBE;.JS;.JSE;.WSF;.WSH;.MSC;.RB;.RBW, ONEDRIVECONSUMER=C:\Users\GBOUZAZI\OneDrive, WINDIR=C:\WINDOWS, HOMEPATH=\Users\GBOUZAZI, PROCESSOR_IDENTIFIER=Intel64 Family 6 Model 142 Stepping 10, GenuineIntel, PUBLIC=C:\Users\Public, PCOMM_ROOT=C:\Program Files (x86)\IBM\Personal Communications\, LOCALAPPDATA=C:\Users\GBOUZAZI\AppData\Local, COMMONPROGRAMFILES(X86)=C:\Program Files (x86)\Common Files, USERDOMAIN=GROUP, LOGONSERVER=\\HGPSEYADYPWV001, JAVA_HOME=C:\Users\GBOUZAZI\AppData\Local\Programs\AdoptOpenJDK\jdk-11.0.9.11-hotspot\, PROMPT=$P$G, PROGRAMFILES(X86)=C:\Program Files (x86), =C:=C:\Users\GBOUZAZI\Desktop\JavaDA_PROJECT7_RESTAPI\Poseiden-skeleton, APPDATA=C:\Users\GBOUZAZI\AppData\Roaming, PROGRAMW6432=C:\Program Files, SYSTEMROOT=C:\WINDOWS, CHOCOLATEYINSTALL=C:\ProgramData\chocolatey, OS=Windows_NT, ONEDRIVECOMMERCIAL=C:\Users\GBOUZAZI\OneDrive - Hardis Group, COMMONPROGRAMW6432=C:\Program Files\Common Files, COMPUTERNAME=TPV82, COMMONPROGRAMFILES=C:\Program Files\Common Files, COMSPEC=C:\WINDOWS\system32\cmd.exe, NVM_HOME=C:\ProgramData\nvm, PROCESSOR_REVISION=8e0a, RUBYOPT=-Eutf-8, TEMP=C:\Users\GBOUZAZI\AppData\Local\Temp, HOMEDRIVE=C:, USERPROFILE=C:\Users\GBOUZAZI, TMP=C:\Users\GBOUZAZI\AppData\Local\Temp, WEBSTORM=C:\Program Files\JetBrains\WebStorm 2020.2.4\bin;, NUMBER_OF_PROCESSORS=8, IDEA_INITIAL_DIRECTORY=C:\Users\GBOUZAZI\AppData\Local\JetBrains\Toolbox\apps\IDEA-U\ch-0\211.7142.45\bin}}]
01:49:19.932 [main] DEBUG org.springframework.core.io.support.PathMatchingResourcePatternResolver - Resolved classpath location [com/nnk/springboot/] to resources [URL [file:/C:/Users/GBOUZAZI/Desktop/JavaDA_PROJECT7_RESTAPI/Poseiden-skeleton/target/test-classes/com/nnk/springboot/], URL [file:/C:/Users/GBOUZAZI/Desktop/JavaDA_PROJECT7_RESTAPI/Poseiden-skeleton/target/classes/com/nnk/springboot/]]
01:49:19.932 [main] DEBUG org.springframework.core.io.support.PathMatchingResourcePatternResolver - Looking for matching resources in directory tree [C:\Users\GBOUZAZI\Desktop\JavaDA_PROJECT7_RESTAPI\Poseiden-skeleton\target\test-classes\com\nnk\springboot]
01:49:19.936 [main] DEBUG org.springframework.core.io.support.PathMatchingResourcePatternResolver - Searching directory [C:\Users\GBOUZAZI\Desktop\JavaDA_PROJECT7_RESTAPI\Poseiden-skeleton\target\test-classes\com\nnk\springboot] for files matching pattern [C:/Users/GBOUZAZI/Desktop/JavaDA_PROJECT7_RESTAPI/Poseiden-skeleton/target/test-classes/com/nnk/springboot/*.class]
01:49:19.956 [main] DEBUG org.springframework.core.io.support.PathMatchingResourcePatternResolver - Looking for matching resources in directory tree [C:\Users\GBOUZAZI\Desktop\JavaDA_PROJECT7_RESTAPI\Poseiden-skeleton\target\classes\com\nnk\springboot]
01:49:19.960 [main] DEBUG org.springframework.core.io.support.PathMatchingResourcePatternResolver - Searching directory [C:\Users\GBOUZAZI\Desktop\JavaDA_PROJECT7_RESTAPI\Poseiden-skeleton\target\classes\com\nnk\springboot] for files matching pattern [C:/Users/GBOUZAZI/Desktop/JavaDA_PROJECT7_RESTAPI/Poseiden-skeleton/target/classes/com/nnk/springboot/*.class]
01:49:19.971 [main] DEBUG org.springframework.core.io.support.PathMatchingResourcePatternResolver - Resolved location pattern [classpath*:com/nnk/springboot/*.class] to resources [file [C:\Users\GBOUZAZI\Desktop\JavaDA_PROJECT7_RESTAPI\Poseiden-skeleton\target\test-classes\com\nnk\springboot\BidTests.class], file [C:\Users\GBOUZAZI\Desktop\JavaDA_PROJECT7_RESTAPI\Poseiden-skeleton\target\test-classes\com\nnk\springboot\CurvePointTests.class], file [C:\Users\GBOUZAZI\Desktop\JavaDA_PROJECT7_RESTAPI\Poseiden-skeleton\target\test-classes\com\nnk\springboot\PasswordEncodeTest.class], file [C:\Users\GBOUZAZI\Desktop\JavaDA_PROJECT7_RESTAPI\Poseiden-skeleton\target\test-classes\com\nnk\springboot\RatingTests.class], file [C:\Users\GBOUZAZI\Desktop\JavaDA_PROJECT7_RESTAPI\Poseiden-skeleton\target\test-classes\com\nnk\springboot\RuleTests.class], file [C:\Users\GBOUZAZI\Desktop\JavaDA_PROJECT7_RESTAPI\Poseiden-skeleton\target\test-classes\com\nnk\springboot\TradeTests.class], file [C:\Users\GBOUZAZI\Desktop\JavaDA_PROJECT7_RESTAPI\Poseiden-skeleton\target\classes\com\nnk\springboot\Application.class]]
01:49:20.205 [main] DEBUG org.springframework.context.annotation.ClassPathScanningCandidateComponentProvider - Identified candidate component class: file [C:\Users\GBOUZAZI\Desktop\JavaDA_PROJECT7_RESTAPI\Poseiden-skeleton\target\classes\com\nnk\springboot\Application.class]
01:49:20.214 [main] INFO org.springframework.boot.test.context.SpringBootTestContextBootstrapper - Found @SpringBootConfiguration com.nnk.springboot.Application for test class com.nnk.springboot.BidTests
01:49:20.467 [main] DEBUG org.springframework.boot.test.context.SpringBootTestContextBootstrapper - @TestExecutionListeners is not present for class [com.nnk.springboot.BidTests]: using defaults.
01:49:20.468 [main] INFO org.springframework.boot.test.context.SpringBootTestContextBootstrapper - Loaded default TestExecutionListener class names from location [META-INF/spring.factories]: [org.springframework.boot.test.mock.mockito.MockitoTestExecutionListener, org.springframework.boot.test.mock.mockito.ResetMocksTestExecutionListener, org.springframework.boot.test.autoconfigure.restdocs.RestDocsTestExecutionListener, org.springframework.boot.test.autoconfigure.web.client.MockRestServiceServerResetTestExecutionListener, org.springframework.boot.test.autoconfigure.web.servlet.MockMvcPrintOnlyOnFailureTestExecutionListener, org.springframework.boot.test.autoconfigure.web.servlet.WebDriverTestExecutionListener, org.springframework.test.context.web.ServletTestExecutionListener, org.springframework.test.context.support.DirtiesContextBeforeModesTestExecutionListener, org.springframework.test.context.support.DependencyInjectionTestExecutionListener, org.springframework.test.context.support.DirtiesContextTestExecutionListener, org.springframework.test.context.transaction.TransactionalTestExecutionListener, org.springframework.test.context.jdbc.SqlScriptsTestExecutionListener]
01:49:20.580 [main] INFO org.springframework.boot.test.context.SpringBootTestContextBootstrapper - Using TestExecutionListeners: [org.springframework.test.context.web.ServletTestExecutionListener@5b94b04d, org.springframework.test.context.support.DirtiesContextBeforeModesTestExecutionListener@8c3b9d, org.springframework.boot.test.mock.mockito.MockitoTestExecutionListener@4c39bec8, org.springframework.boot.test.autoconfigure.SpringBootDependencyInjectionTestExecutionListener@f79e, org.springframework.test.context.support.DirtiesContextTestExecutionListener@7ee8290b, org.springframework.test.context.transaction.TransactionalTestExecutionListener@1f59a598, org.springframework.test.context.jdbc.SqlScriptsTestExecutionListener@1e178745, org.springframework.boot.test.mock.mockito.ResetMocksTestExecutionListener@192c3f1e, org.springframework.boot.test.autoconfigure.restdocs.RestDocsTestExecutionListener@26b3fd41, org.springframework.boot.test.autoconfigure.web.client.MockRestServiceServerResetTestExecutionListener@7494f96a, org.springframework.boot.test.autoconfigure.web.servlet.MockMvcPrintOnlyOnFailureTestExecutionListener@561b6512, org.springframework.boot.test.autoconfigure.web.servlet.WebDriverTestExecutionListener@2e377400]
01:49:20.584 [main] DEBUG org.springframework.test.annotation.ProfileValueUtils - Retrieved @ProfileValueSourceConfiguration [null] for test class [com.nnk.springboot.BidTests]
01:49:20.585 [main] DEBUG org.springframework.test.annotation.ProfileValueUtils - Retrieved ProfileValueSource type [class org.springframework.test.annotation.SystemProfileValueSource] for class [com.nnk.springboot.BidTests]
01:49:20.588 [main] DEBUG org.springframework.test.annotation.ProfileValueUtils - Retrieved @ProfileValueSourceConfiguration [null] for test class [com.nnk.springboot.BidTests]
01:49:20.588 [main] DEBUG org.springframework.test.annotation.ProfileValueUtils - Retrieved ProfileValueSource type [class org.springframework.test.annotation.SystemProfileValueSource] for class [com.nnk.springboot.BidTests]
01:49:20.590 [main] DEBUG org.springframework.test.annotation.ProfileValueUtils - Retrieved @ProfileValueSourceConfiguration [null] for test class [com.nnk.springboot.BidTests]
01:49:20.590 [main] DEBUG org.springframework.test.annotation.ProfileValueUtils - Retrieved ProfileValueSource type [class org.springframework.test.annotation.SystemProfileValueSource] for class [com.nnk.springboot.BidTests]
01:49:20.599 [main] DEBUG org.springframework.test.context.support.AbstractDirtiesContextTestExecutionListener - Before test class: context [DefaultTestContext@7b02881e testClass = BidTests, testInstance = [null], testMethod = [null], testException = [null], mergedContextConfiguration = [WebMergedContextConfiguration@1ebd319f testClass = BidTests, locations = '{}', classes = '{class com.nnk.springboot.Application}', contextInitializerClasses = '[]', activeProfiles = '{}', propertySourceLocations = '{}', propertySourceProperties = '{org.springframework.boot.test.context.SpringBootTestContextBootstrapper=true}', contextCustomizers = set[org.springframework.boot.test.context.filter.ExcludeFilterContextCustomizer@1efee8e7, org.springframework.boot.test.json.DuplicateJsonObjectContextCustomizerFactory$DuplicateJsonObjectContextCustomizer@517cd4b, org.springframework.boot.test.mock.mockito.MockitoContextCustomizer@0, org.springframework.boot.test.web.client.TestRestTemplateContextCustomizer@3ffcd140, org.springframework.boot.test.autoconfigure.properties.PropertyMappingContextCustomizer@0, org.springframework.boot.test.autoconfigure.web.servlet.WebDriverContextCustomizerFactory$Customizer@3d3fcdb0], resourceBasePath = 'src/main/webapp', contextLoader = 'org.springframework.boot.test.context.SpringBootContextLoader', parent = [null]], attributes = map['org.springframework.test.context.web.ServletTestExecutionListener.activateListener' -> true]], class annotated with @DirtiesContext [false] with mode [null].
01:49:20.600 [main] DEBUG org.springframework.test.annotation.ProfileValueUtils - Retrieved @ProfileValueSourceConfiguration [null] for test class [com.nnk.springboot.BidTests]
01:49:20.601 [main] DEBUG org.springframework.test.annotation.ProfileValueUtils - Retrieved ProfileValueSource type [class org.springframework.test.annotation.SystemProfileValueSource] for class [com.nnk.springboot.BidTests]
01:49:20.724 [main] DEBUG org.springframework.core.env.StandardEnvironment - Adding PropertySource 'systemProperties' with lowest search precedence
01:49:20.725 [main] DEBUG org.springframework.core.env.StandardEnvironment - Adding PropertySource 'systemEnvironment' with lowest search precedence
01:49:20.726 [main] DEBUG org.springframework.core.env.StandardEnvironment - Initialized StandardEnvironment with PropertySources [MapPropertySource@236840983 {name='systemProperties', properties={idea.version=2021.1.1, java.runtime.name=OpenJDK Runtime Environment, sun.boot.library.path=C:\Users\GBOUZAZI\.jdks\corretto-1.8.0_292\jre\bin, java.vm.version=25.292-b10, java.vm.vendor=Amazon.com Inc., java.vendor.url=https://aws.amazon.com/corretto/, path.separator=;, java.vm.name=OpenJDK 64-Bit Server VM, file.encoding.pkg=sun.io, user.country=FR, user.script=, sun.java.launcher=SUN_STANDARD, sun.os.patch.level=, java.vm.specification.name=Java Virtual Machine Specification, user.dir=C:\Users\GBOUZAZI\Desktop\JavaDA_PROJECT7_RESTAPI\Poseiden-skeleton, java.runtime.version=1.8.0_292-b10, basedir=C:\Users\GBOUZAZI\Desktop\JavaDA_PROJECT7_RESTAPI\Poseiden-skeleton, java.awt.graphicsenv=sun.awt.Win32GraphicsEnvironment, java.endorsed.dirs=C:\Users\GBOUZAZI\.jdks\corretto-1.8.0_292\jre\lib\endorsed, os.arch=amd64, surefire.real.class.path=C:\Users\GBOUZAZI\AppData\Local\Temp\surefire5626169219765050080\surefirebooter1045908453996318673.jar, java.io.tmpdir=C:\Users\GBOUZAZI\AppData\Local\Temp\, line.separator=
, java.vm.specification.vendor=Oracle Corporation, user.variant=, os.name=Windows 10, sun.jnu.encoding=Cp1252, java.library.path=C:\Users\GBOUZAZI\.jdks\corretto-1.8.0_292\jre\bin;C:\WINDOWS\Sun\Java\bin;C:\WINDOWS\system32;C:\WINDOWS;C:\Program Files\Common Files\Oracle\Java\javapath;C:\Program Files (x86)\Common Files\Oracle\Java\javapath;C:\WINDOWS\system32;C:\WINDOWS;C:\WINDOWS\System32\Wbem;C:\WINDOWS\System32\WindowsPowerShell\v1.0\;C:\WINDOWS\System32\OpenSSH\;D:\Tools\apache-maven-3.6.3\bin;D:\Tools\gradle-6.2.2\bin;C:\Program Files\Intel\WiFi\bin\;C:\Program Files\Common Files\Intel\WirelessCommon\;C:\Program Files (x86)\IBM\Personal Communications\;C:\Program Files (x86)\IBM\Trace Facility\;C:\Program Files\Git\cmd;C:\ProgramData\chocolatey\bin;C:\ProgramData\nvm;C:\Program Files\nodejs;C:\Program Files\nodejs\;C:\Program Files\MySQL\MySQL Server 8.0\bin;C:\apache-maven-3.6.3\bin;;C:\Program Files\Docker\Docker\resources\bin;C:\ProgramData\DockerDesktop\version-bin;C:\Program Files (x86)\Intel\Intel(R) Management Engine Components\DAL;C:\Program Files\Intel\Intel(R) Management Engine Components\DAL;C:\Users\GBOUZAZI\AppData\Local\Programs\Python\Python38\Scripts\;C:\Users\GBOUZAZI\AppData\Local\Programs\Python\Python38\;C:\Users\GBOUZAZI\AppData\Local\Programs\AdoptOpenJDK\jdk-11.0.9.11-hotspot\bin;C:\Ruby26-x64\bin;C:\Users\GBOUZAZI\AppData\Local\Microsoft\WindowsApps;C:\Users\GBOUZAZI\AppData\Local\Programs\Microsoft VS Code\bin;C:\Users\GBOUZAZI\AppData\Roaming\npm;C:\Program Files\JetBrains\WebStorm 2020.2.4\bin;C:\Users\GBOUZAZI\AppData\Local\Microsoft\WindowsApps;., surefire.test.class.path=C:\Users\GBOUZAZI\Desktop\JavaDA_PROJECT7_RESTAPI\Poseiden-skeleton\target\test-classes;C:\Users\GBOUZAZI\Desktop\JavaDA_PROJECT7_RESTAPI\Poseiden-skeleton\target\classes;C:\Users\GBOUZAZI\.m2\repository\org\springframework\boot\spring-boot-starter-data-redis\2.5.2\spring-boot-starter-data-redis-2.5.2.jar;C:\Users\GBOUZAZI\.m2\repository\org\springframework\boot\spring-boot-starter\2.0.4.RELEASE\spring-boot-starter-2.0.4.RELEASE.jar;C:\Users\GBOUZAZI\.m2\repository\org\springframework\boot\spring-boot-starter-logging\2.0.4.RELEASE\spring-boot-starter-logging-2.0.4.RELEASE.jar;C:\Users\GBOUZAZI\.m2\repository\ch\qos\logback\logback-classic\1.2.3\logback-classic-1.2.3.jar;C:\Users\GBOUZAZI\.m2\repository\ch\qos\logback\logback-core\1.2.3\logback-core-1.2.3.jar;C:\Users\GBOUZAZI\.m2\repository\org\apache\logging\log4j\log4j-to-slf4j\2.10.0\log4j-to-slf4j-2.10.0.jar;C:\Users\GBOUZAZI\.m2\repository\javax\annotation\javax.annotation-api\1.3.2\javax.annotation-api-1.3.2.jar;C:\Users\GBOUZAZI\.m2\repository\org\yaml\snakeyaml\1.19\snakeyaml-1.19.jar;C:\Users\GBOUZAZI\.m2\repository\org\springframework\data\spring-data-redis\2.0.9.RELEASE\spring-data-redis-2.0.9.RELEASE.jar;C:\Users\GBOUZAZI\.m2\repository\org\springframework\data\spring-data-keyvalue\2.0.9.RELEASE\spring-data-keyvalue-2.0.9.RELEASE.jar;C:\Users\GBOUZAZI\.m2\repository\org\springframework\spring-tx\5.0.8.RELEASE\spring-tx-5.0.8.RELEASE.jar;C:\Users\GBOUZAZI\.m2\repository\org\springframework\spring-oxm\5.0.8.RELEASE\spring-oxm-5.0.8.RELEASE.jar;C:\Users\GBOUZAZI\.m2\repository\org\springframework\spring-context-support\5.0.8.RELEASE\spring-context-support-5.0.8.RELEASE.jar;C:\Users\GBOUZAZI\.m2\repository\org\slf4j\slf4j-api\1.7.25\slf4j-api-1.7.25.jar;C:\Users\GBOUZAZI\.m2\repository\io\lettuce\lettuce-core\5.0.4.RELEASE\lettuce-core-5.0.4.RELEASE.jar;C:\Users\GBOUZAZI\.m2\repository\io\projectreactor\reactor-core\3.1.8.RELEASE\reactor-core-3.1.8.RELEASE.jar;C:\Users\GBOUZAZI\.m2\repository\org\reactivestreams\reactive-streams\1.0.2\reactive-streams-1.0.2.jar;C:\Users\GBOUZAZI\.m2\repository\io\netty\netty-common\4.1.27.Final\netty-common-4.1.27.Final.jar;C:\Users\GBOUZAZI\.m2\repository\io\netty\netty-transport\4.1.27.Final\netty-transport-4.1.27.Final.jar;C:\Users\GBOUZAZI\.m2\repository\io\netty\netty-buffer\4.1.27.Final\netty-buffer-4.1.27.Final.jar;C:\Users\GBOUZAZI\.m2\repository\io\netty\netty-resolver\4.1.27.Final\netty-resolver-4.1.27.Final.jar;C:\Users\GBOUZAZI\.m2\repository\io\netty\netty-handler\4.1.27.Final\netty-handler-4.1.27.Final.jar;C:\Users\GBOUZAZI\.m2\repository\io\netty\netty-codec\4.1.27.Final\netty-codec-4.1.27.Final.jar;C:\Users\GBOUZAZI\.m2\repository\org\springframework\boot\spring-boot-starter-test\2.0.4.RELEASE\spring-boot-starter-test-2.0.4.RELEASE.jar;C:\Users\GBOUZAZI\.m2\repository\org\springframework\boot\spring-boot-test\2.0.4.RELEASE\spring-boot-test-2.0.4.RELEASE.jar;C:\Users\GBOUZAZI\.m2\repository\org\springframework\boot\spring-boot-test-autoconfigure\2.0.4.RELEASE\spring-boot-test-autoconfigure-2.0.4.RELEASE.jar;C:\Users\GBOUZAZI\.m2\repository\com\jayway\jsonpath\json-path\2.4.0\json-path-2.4.0.jar;C:\Users\GBOUZAZI\.m2\repository\net\minidev\json-smart\2.3\json-smart-2.3.jar;C:\Users\GBOUZAZI\.m2\repository\net\minidev\accessors-smart\1.2\accessors-smart-1.2.jar;C:\Users\GBOUZAZI\.m2\repository\org\ow2\asm\asm\5.0.4\asm-5.0.4.jar;C:\Users\GBOUZAZI\.m2\repository\junit\junit\4.12\junit-4.12.jar;C:\Users\GBOUZAZI\.m2\repository\org\assertj\assertj-core\3.9.1\assertj-core-3.9.1.jar;C:\Users\GBOUZAZI\.m2\repository\org\mockito\mockito-core\2.15.0\mockito-core-2.15.0.jar;C:\Users\GBOUZAZI\.m2\repository\net\bytebuddy\byte-buddy\1.7.11\byte-buddy-1.7.11.jar;C:\Users\GBOUZAZI\.m2\repository\net\bytebuddy\byte-buddy-agent\1.7.11\byte-buddy-agent-1.7.11.jar;C:\Users\GBOUZAZI\.m2\repository\org\objenesis\objenesis\2.6\objenesis-2.6.jar;C:\Users\GBOUZAZI\.m2\repository\org\hamcrest\hamcrest-core\1.3\hamcrest-core-1.3.jar;C:\Users\GBOUZAZI\.m2\repository\org\hamcrest\hamcrest-library\1.3\hamcrest-library-1.3.jar;C:\Users\GBOUZAZI\.m2\repository\org\skyscreamer\jsonassert\1.5.0\jsonassert-1.5.0.jar;C:\Users\GBOUZAZI\.m2\repository\com\vaadin\external\google\android-json\0.0.20131108.vaadin1\android-json-0.0.20131108.vaadin1.jar;C:\Users\GBOUZAZI\.m2\repository\org\springframework\spring-core\5.0.8.RELEASE\spring-core-5.0.8.RELEASE.jar;C:\Users\GBOUZAZI\.m2\repository\org\springframework\spring-jcl\5.0.8.RELEASE\spring-jcl-5.0.8.RELEASE.jar;C:\Users\GBOUZAZI\.m2\repository\org\springframework\spring-test\5.0.8.RELEASE\spring-test-5.0.8.RELEASE.jar;C:\Users\GBOUZAZI\.m2\repository\org\xmlunit\xmlunit-core\2.5.1\xmlunit-core-2.5.1.jar;C:\Users\GBOUZAZI\.m2\repository\org\springframework\boot\spring-boot-starter-log4j2\2.0.4.RELEASE\spring-boot-starter-log4j2-2.0.4.RELEASE.jar;C:\Users\GBOUZAZI\.m2\repository\org\apache\logging\log4j\log4j-slf4j-impl\2.10.0\log4j-slf4j-impl-2.10.0.jar;C:\Users\GBOUZAZI\.m2\repository\org\apache\logging\log4j\log4j-api\2.10.0\log4j-api-2.10.0.jar;C:\Users\GBOUZAZI\.m2\repository\org\apache\logging\log4j\log4j-core\2.10.0\log4j-core-2.10.0.jar;C:\Users\GBOUZAZI\.m2\repository\org\apache\logging\log4j\log4j-jul\2.10.0\log4j-jul-2.10.0.jar;C:\Users\GBOUZAZI\.m2\repository\org\slf4j\jul-to-slf4j\1.7.25\jul-to-slf4j-1.7.25.jar;C:\Users\GBOUZAZI\.m2\repository\org\projectlombok\lombok\1.16.22\lombok-1.16.22.jar;C:\Users\GBOUZAZI\.m2\repository\org\springframework\boot\spring-boot-starter-data-jpa\2.0.4.RELEASE\spring-boot-starter-data-jpa-2.0.4.RELEASE.jar;C:\Users\GBOUZAZI\.m2\repository\org\springframework\boot\spring-boot-starter-aop\2.0.4.RELEASE\spring-boot-starter-aop-2.0.4.RELEASE.jar;C:\Users\GBOUZAZI\.m2\repository\org\aspectj\aspectjweaver\1.8.13\aspectjweaver-1.8.13.jar;C:\Users\GBOUZAZI\.m2\repository\org\springframework\boot\spring-boot-starter-jdbc\2.0.4.RELEASE\spring-boot-starter-jdbc-2.0.4.RELEASE.jar;C:\Users\GBOUZAZI\.m2\repository\com\zaxxer\HikariCP\2.7.9\HikariCP-2.7.9.jar;C:\Users\GBOUZAZI\.m2\repository\org\springframework\spring-jdbc\5.0.8.RELEASE\spring-jdbc-5.0.8.RELEASE.jar;C:\Users\GBOUZAZI\.m2\repository\org\hibernate\hibernate-core\5.2.17.Final\hibernate-core-5.2.17.Final.jar;C:\Users\GBOUZAZI\.m2\repository\org\jboss\logging\jboss-logging\3.3.2.Final\jboss-logging-3.3.2.Final.jar;C:\Users\GBOUZAZI\.m2\repository\org\hibernate\javax\persistence\hibernate-jpa-2.1-api\1.0.2.Final\hibernate-jpa-2.1-api-1.0.2.Final.jar;C:\Users\GBOUZAZI\.m2\repository\org\javassist\javassist\3.22.0-GA\javassist-3.22.0-GA.jar;C:\Users\GBOUZAZI\.m2\repository\antlr\antlr\2.7.7\antlr-2.7.7.jar;C:\Users\GBOUZAZI\.m2\repository\org\jboss\jandex\2.0.3.Final\jandex-2.0.3.Final.jar;C:\Users\GBOUZAZI\.m2\repository\com\fasterxml\classmate\1.3.4\classmate-1.3.4.jar;C:\Users\GBOUZAZI\.m2\repository\dom4j\dom4j\1.6.1\dom4j-1.6.1.jar;C:\Users\GBOUZAZI\.m2\repository\org\hibernate\common\hibernate-commons-annotations\5.0.1.Final\hibernate-commons-annotations-5.0.1.Final.jar;C:\Users\GBOUZAZI\.m2\repository\javax\transaction\javax.transaction-api\1.2\javax.transaction-api-1.2.jar;C:\Users\GBOUZAZI\.m2\repository\org\springframework\data\spring-data-jpa\2.0.9.RELEASE\spring-data-jpa-2.0.9.RELEASE.jar;C:\Users\GBOUZAZI\.m2\repository\org\springframework\data\spring-data-commons\2.0.9.RELEASE\spring-data-commons-2.0.9.RELEASE.jar;C:\Users\GBOUZAZI\.m2\repository\org\springframework\spring-orm\5.0.8.RELEASE\spring-orm-5.0.8.RELEASE.jar;C:\Users\GBOUZAZI\.m2\repository\org\springframework\spring-context\5.0.8.RELEASE\spring-context-5.0.8.RELEASE.jar;C:\Users\GBOUZAZI\.m2\repository\org\springframework\spring-beans\5.0.8.RELEASE\spring-beans-5.0.8.RELEASE.jar;C:\Users\GBOUZAZI\.m2\repository\org\springframework\spring-aspects\5.0.8.RELEASE\spring-aspects-5.0.8.RELEASE.jar;C:\Users\GBOUZAZI\.m2\repository\org\springframework\boot\spring-boot-starter-web\2.0.4.RELEASE\spring-boot-starter-web-2.0.4.RELEASE.jar;C:\Users\GBOUZAZI\.m2\repository\org\springframework\boot\spring-boot-starter-json\2.0.4.RELEASE\spring-boot-starter-json-2.0.4.RELEASE.jar;C:\Users\GBOUZAZI\.m2\repository\com\fasterxml\jackson\core\jackson-databind\2.9.6\jackson-databind-2.9.6.jar;C:\Users\GBOUZAZI\.m2\repository\com\fasterxml\jackson\core\jackson-annotations\2.9.0\jackson-annotations-2.9.0.jar;C:\Users\GBOUZAZI\.m2\repository\com\fasterxml\jackson\core\jackson-core\2.9.6\jackson-core-2.9.6.jar;C:\Users\GBOUZAZI\.m2\repository\com\fasterxml\jackson\datatype\jackson-datatype-jdk8\2.9.6\jackson-datatype-jdk8-2.9.6.jar;C:\Users\GBOUZAZI\.m2\repository\com\fasterxml\jackson\datatype\jackson-datatype-jsr310\2.9.6\jackson-datatype-jsr310-2.9.6.jar;C:\Users\GBOUZAZI\.m2\repository\com\fasterxml\jackson\module\jackson-module-parameter-names\2.9.6\jackson-module-parameter-names-2.9.6.jar;C:\Users\GBOUZAZI\.m2\repository\org\springframework\boot\spring-boot-starter-tomcat\2.0.4.RELEASE\spring-boot-starter-tomcat-2.0.4.RELEASE.jar;C:\Users\GBOUZAZI\.m2\repository\org\apache\tomcat\embed\tomcat-embed-core\8.5.32\tomcat-embed-core-8.5.32.jar;C:\Users\GBOUZAZI\.m2\repository\org\apache\tomcat\embed\tomcat-embed-el\8.5.32\tomcat-embed-el-8.5.32.jar;C:\Users\GBOUZAZI\.m2\repository\org\apache\tomcat\embed\tomcat-embed-websocket\8.5.32\tomcat-embed-websocket-8.5.32.jar;C:\Users\GBOUZAZI\.m2\repository\org\hibernate\validator\hibernate-validator\6.0.11.Final\hibernate-validator-6.0.11.Final.jar;C:\Users\GBOUZAZI\.m2\repository\javax\validation\validation-api\2.0.1.Final\validation-api-2.0.1.Final.jar;C:\Users\GBOUZAZI\.m2\repository\org\springframework\spring-web\5.0.8.RELEASE\spring-web-5.0.8.RELEASE.jar;C:\Users\GBOUZAZI\.m2\repository\org\springframework\spring-webmvc\5.0.8.RELEASE\spring-webmvc-5.0.8.RELEASE.jar;C:\Users\GBOUZAZI\.m2\repository\org\springframework\spring-expression\5.0.8.RELEASE\spring-expression-5.0.8.RELEASE.jar;C:\Users\GBOUZAZI\.m2\repository\org\springframework\boot\spring-boot-starter-thymeleaf\2.0.4.RELEASE\spring-boot-starter-thymeleaf-2.0.4.RELEASE.jar;C:\Users\GBOUZAZI\.m2\repository\org\thymeleaf\thymeleaf-spring5\3.0.9.RELEASE\thymeleaf-spring5-3.0.9.RELEASE.jar;C:\Users\GBOUZAZI\.m2\repository\org\thymeleaf\thymeleaf\3.0.9.RELEASE\thymeleaf-3.0.9.RELEASE.jar;C:\Users\GBOUZAZI\.m2\repository\org\attoparser\attoparser\2.0.4.RELEASE\attoparser-2.0.4.RELEASE.jar;C:\Users\GBOUZAZI\.m2\repository\org\unbescape\unbescape\1.1.5.RELEASE\unbescape-1.1.5.RELEASE.jar;C:\Users\GBOUZAZI\.m2\repository\org\thymeleaf\extras\thymeleaf-extras-java8time\3.0.1.RELEASE\thymeleaf-extras-java8time-3.0.1.RELEASE.jar;C:\Users\GBOUZAZI\.m2\repository\org\springframework\boot\spring-boot-starter-security\2.0.4.RELEASE\spring-boot-starter-security-2.0.4.RELEASE.jar;C:\Users\GBOUZAZI\.m2\repository\org\springframework\spring-aop\5.0.8.RELEASE\spring-aop-5.0.8.RELEASE.jar;C:\Users\GBOUZAZI\.m2\repository\org\springframework\security\spring-security-config\5.0.7.RELEASE\spring-security-config-5.0.7.RELEASE.jar;C:\Users\GBOUZAZI\.m2\repository\org\springframework\security\spring-security-core\5.0.7.RELEASE\spring-security-core-5.0.7.RELEASE.jar;C:\Users\GBOUZAZI\.m2\repository\org\springframework\security\spring-security-web\5.0.7.RELEASE\spring-security-web-5.0.7.RELEASE.jar;C:\Users\GBOUZAZI\.m2\repository\org\springframework\boot\spring-boot-devtools\2.0.4.RELEASE\spring-boot-devtools-2.0.4.RELEASE.jar;C:\Users\GBOUZAZI\.m2\repository\org\springframework\boot\spring-boot\2.0.4.RELEASE\spring-boot-2.0.4.RELEASE.jar;C:\Users\GBOUZAZI\.m2\repository\org\springframework\boot\spring-boot-autoconfigure\2.0.4.RELEASE\spring-boot-autoconfigure-2.0.4.RELEASE.jar;C:\Users\GBOUZAZI\.m2\repository\mysql\mysql-connector-java\5.1.46\mysql-connector-java-5.1.46.jar;C:\Users\GBOUZAZI\.m2\repository\com\h2database\h2\1.4.197\h2-1.4.197.jar;, java.specification.name=Java Platform API Specification, java.class.version=52.0, sun.management.compiler=HotSpot 64-Bit Tiered Compilers, os.version=10.0, user.home=C:\Users\GBOUZAZI, user.timezone=Europe/Paris, java.awt.printerjob=sun.awt.windows.WPrinterJob, file.encoding=Cp1252, java.specification.version=1.8, java.class.path=C:\Users\GBOUZAZI\Desktop\JavaDA_PROJECT7_RESTAPI\Poseiden-skeleton\target\test-classes;C:\Users\GBOUZAZI\Desktop\JavaDA_PROJECT7_RESTAPI\Poseiden-skeleton\target\classes;C:\Users\GBOUZAZI\.m2\repository\org\springframework\boot\spring-boot-starter-data-redis\2.5.2\spring-boot-starter-data-redis-2.5.2.jar;C:\Users\GBOUZAZI\.m2\repository\org\springframework\boot\spring-boot-starter\2.0.4.RELEASE\spring-boot-starter-2.0.4.RELEASE.jar;C:\Users\GBOUZAZI\.m2\repository\org\springframework\boot\spring-boot-starter-logging\2.0.4.RELEASE\spring-boot-starter-logging-2.0.4.RELEASE.jar;C:\Users\GBOUZAZI\.m2\repository\ch\qos\logback\logback-classic\1.2.3\logback-classic-1.2.3.jar;C:\Users\GBOUZAZI\.m2\repository\ch\qos\logback\logback-core\1.2.3\logback-core-1.2.3.jar;C:\Users\GBOUZAZI\.m2\repository\org\apache\logging\log4j\log4j-to-slf4j\2.10.0\log4j-to-slf4j-2.10.0.jar;C:\Users\GBOUZAZI\.m2\repository\javax\annotation\javax.annotation-api\1.3.2\javax.annotation-api-1.3.2.jar;C:\Users\GBOUZAZI\.m2\repository\org\yaml\snakeyaml\1.19\snakeyaml-1.19.jar;C:\Users\GBOUZAZI\.m2\repository\org\springframework\data\spring-data-redis\2.0.9.RELEASE\spring-data-redis-2.0.9.RELEASE.jar;C:\Users\GBOUZAZI\.m2\repository\org\springframework\data\spring-data-keyvalue\2.0.9.RELEASE\spring-data-keyvalue-2.0.9.RELEASE.jar;C:\Users\GBOUZAZI\.m2\repository\org\springframework\spring-tx\5.0.8.RELEASE\spring-tx-5.0.8.RELEASE.jar;C:\Users\GBOUZAZI\.m2\repository\org\springframework\spring-oxm\5.0.8.RELEASE\spring-oxm-5.0.8.RELEASE.jar;C:\Users\GBOUZAZI\.m2\repository\org\springframework\spring-context-support\5.0.8.RELEASE\spring-context-support-5.0.8.RELEASE.jar;C:\Users\GBOUZAZI\.m2\repository\org\slf4j\slf4j-api\1.7.25\slf4j-api-1.7.25.jar;C:\Users\GBOUZAZI\.m2\repository\io\lettuce\lettuce-core\5.0.4.RELEASE\lettuce-core-5.0.4.RELEASE.jar;C:\Users\GBOUZAZI\.m2\repository\io\projectreactor\reactor-core\3.1.8.RELEASE\reactor-core-3.1.8.RELEASE.jar;C:\Users\GBOUZAZI\.m2\repository\org\reactivestreams\reactive-streams\1.0.2\reactive-streams-1.0.2.jar;C:\Users\GBOUZAZI\.m2\repository\io\netty\netty-common\4.1.27.Final\netty-common-4.1.27.Final.jar;C:\Users\GBOUZAZI\.m2\repository\io\netty\netty-transport\4.1.27.Final\netty-transport-4.1.27.Final.jar;C:\Users\GBOUZAZI\.m2\repository\io\netty\netty-buffer\4.1.27.Final\netty-buffer-4.1.27.Final.jar;C:\Users\GBOUZAZI\.m2\repository\io\netty\netty-resolver\4.1.27.Final\netty-resolver-4.1.27.Final.jar;C:\Users\GBOUZAZI\.m2\repository\io\netty\netty-handler\4.1.27.Final\netty-handler-4.1.27.Final.jar;C:\Users\GBOUZAZI\.m2\repository\io\netty\netty-codec\4.1.27.Final\netty-codec-4.1.27.Final.jar;C:\Users\GBOUZAZI\.m2\repository\org\springframework\boot\spring-boot-starter-test\2.0.4.RELEASE\spring-boot-starter-test-2.0.4.RELEASE.jar;C:\Users\GBOUZAZI\.m2\repository\org\springframework\boot\spring-boot-test\2.0.4.RELEASE\spring-boot-test-2.0.4.RELEASE.jar;C:\Users\GBOUZAZI\.m2\repository\org\springframework\boot\spring-boot-test-autoconfigure\2.0.4.RELEASE\spring-boot-test-autoconfigure-2.0.4.RELEASE.jar;C:\Users\GBOUZAZI\.m2\repository\com\jayway\jsonpath\json-path\2.4.0\json-path-2.4.0.jar;C:\Users\GBOUZAZI\.m2\repository\net\minidev\json-smart\2.3\json-smart-2.3.jar;C:\Users\GBOUZAZI\.m2\repository\net\minidev\accessors-smart\1.2\accessors-smart-1.2.jar;C:\Users\GBOUZAZI\.m2\repository\org\ow2\asm\asm\5.0.4\asm-5.0.4.jar;C:\Users\GBOUZAZI\.m2\repository\junit\junit\4.12\junit-4.12.jar;C:\Users\GBOUZAZI\.m2\repository\org\assertj\assertj-core\3.9.1\assertj-core-3.9.1.jar;C:\Users\GBOUZAZI\.m2\repository\org\mockito\mockito-core\2.15.0\mockito-core-2.15.0.jar;C:\Users\GBOUZAZI\.m2\repository\net\bytebuddy\byte-buddy\1.7.11\byte-buddy-1.7.11.jar;C:\Users\GBOUZAZI\.m2\repository\net\bytebuddy\byte-buddy-agent\1.7.11\byte-buddy-agent-1.7.11.jar;C:\Users\GBOUZAZI\.m2\repository\org\objenesis\objenesis\2.6\objenesis-2.6.jar;C:\Users\GBOUZAZI\.m2\repository\org\hamcrest\hamcrest-core\1.3\hamcrest-core-1.3.jar;C:\Users\GBOUZAZI\.m2\repository\org\hamcrest\hamcrest-library\1.3\hamcrest-library-1.3.jar;C:\Users\GBOUZAZI\.m2\repository\org\skyscreamer\jsonassert\1.5.0\jsonassert-1.5.0.jar;C:\Users\GBOUZAZI\.m2\repository\com\vaadin\external\google\android-json\0.0.20131108.vaadin1\android-json-0.0.20131108.vaadin1.jar;C:\Users\GBOUZAZI\.m2\repository\org\springframework\spring-core\5.0.8.RELEASE\spring-core-5.0.8.RELEASE.jar;C:\Users\GBOUZAZI\.m2\repository\org\springframework\spring-jcl\5.0.8.RELEASE\spring-jcl-5.0.8.RELEASE.jar;C:\Users\GBOUZAZI\.m2\repository\org\springframework\spring-test\5.0.8.RELEASE\spring-test-5.0.8.RELEASE.jar;C:\Users\GBOUZAZI\.m2\repository\org\xmlunit\xmlunit-core\2.5.1\xmlunit-core-2.5.1.jar;C:\Users\GBOUZAZI\.m2\repository\org\springframework\boot\spring-boot-starter-log4j2\2.0.4.RELEASE\spring-boot-starter-log4j2-2.0.4.RELEASE.jar;C:\Users\GBOUZAZI\.m2\repository\org\apache\logging\log4j\log4j-slf4j-impl\2.10.0\log4j-slf4j-impl-2.10.0.jar;C:\Users\GBOUZAZI\.m2\repository\org\apache\logging\log4j\log4j-api\2.10.0\log4j-api-2.10.0.jar;C:\Users\GBOUZAZI\.m2\repository\org\apache\logging\log4j\log4j-core\2.10.0\log4j-core-2.10.0.jar;C:\Users\GBOUZAZI\.m2\repository\org\apache\logging\log4j\log4j-jul\2.10.0\log4j-jul-2.10.0.jar;C:\Users\GBOUZAZI\.m2\repository\org\slf4j\jul-to-slf4j\1.7.25\jul-to-slf4j-1.7.25.jar;C:\Users\GBOUZAZI\.m2\repository\org\projectlombok\lombok\1.16.22\lombok-1.16.22.jar;C:\Users\GBOUZAZI\.m2\repository\org\springframework\boot\spring-boot-starter-data-jpa\2.0.4.RELEASE\spring-boot-starter-data-jpa-2.0.4.RELEASE.jar;C:\Users\GBOUZAZI\.m2\repository\org\springframework\boot\spring-boot-starter-aop\2.0.4.RELEASE\spring-boot-starter-aop-2.0.4.RELEASE.jar;C:\Users\GBOUZAZI\.m2\repository\org\aspectj\aspectjweaver\1.8.13\aspectjweaver-1.8.13.jar;C:\Users\GBOUZAZI\.m2\repository\org\springframework\boot\spring-boot-starter-jdbc\2.0.4.RELEASE\spring-boot-starter-jdbc-2.0.4.RELEASE.jar;C:\Users\GBOUZAZI\.m2\repository\com\zaxxer\HikariCP\2.7.9\HikariCP-2.7.9.jar;C:\Users\GBOUZAZI\.m2\repository\org\springframework\spring-jdbc\5.0.8.RELEASE\spring-jdbc-5.0.8.RELEASE.jar;C:\Users\GBOUZAZI\.m2\repository\org\hibernate\hibernate-core\5.2.17.Final\hibernate-core-5.2.17.Final.jar;C:\Users\GBOUZAZI\.m2\repository\org\jboss\logging\jboss-logging\3.3.2.Final\jboss-logging-3.3.2.Final.jar;C:\Users\GBOUZAZI\.m2\repository\org\hibernate\javax\persistence\hibernate-jpa-2.1-api\1.0.2.Final\hibernate-jpa-2.1-api-1.0.2.Final.jar;C:\Users\GBOUZAZI\.m2\repository\org\javassist\javassist\3.22.0-GA\javassist-3.22.0-GA.jar;C:\Users\GBOUZAZI\.m2\repository\antlr\antlr\2.7.7\antlr-2.7.7.jar;C:\Users\GBOUZAZI\.m2\repository\org\jboss\jandex\2.0.3.Final\jandex-2.0.3.Final.jar;C:\Users\GBOUZAZI\.m2\repository\com\fasterxml\classmate\1.3.4\classmate-1.3.4.jar;C:\Users\GBOUZAZI\.m2\repository\dom4j\dom4j\1.6.1\dom4j-1.6.1.jar;C:\Users\GBOUZAZI\.m2\repository\org\hibernate\common\hibernate-commons-annotations\5.0.1.Final\hibernate-commons-annotations-5.0.1.Final.jar;C:\Users\GBOUZAZI\.m2\repository\javax\transaction\javax.transaction-api\1.2\javax.transaction-api-1.2.jar;C:\Users\GBOUZAZI\.m2\repository\org\springframework\data\spring-data-jpa\2.0.9.RELEASE\spring-data-jpa-2.0.9.RELEASE.jar;C:\Users\GBOUZAZI\.m2\repository\org\springframework\data\spring-data-commons\2.0.9.RELEASE\spring-data-commons-2.0.9.RELEASE.jar;C:\Users\GBOUZAZI\.m2\repository\org\springframework\spring-orm\5.0.8.RELEASE\spring-orm-5.0.8.RELEASE.jar;C:\Users\GBOUZAZI\.m2\repository\org\springframework\spring-context\5.0.8.RELEASE\spring-context-5.0.8.RELEASE.jar;C:\Users\GBOUZAZI\.m2\repository\org\springframework\spring-beans\5.0.8.RELEASE\spring-beans-5.0.8.RELEASE.jar;C:\Users\GBOUZAZI\.m2\repository\org\springframework\spring-aspects\5.0.8.RELEASE\spring-aspects-5.0.8.RELEASE.jar;C:\Users\GBOUZAZI\.m2\repository\org\springframework\boot\spring-boot-starter-web\2.0.4.RELEASE\spring-boot-starter-web-2.0.4.RELEASE.jar;C:\Users\GBOUZAZI\.m2\repository\org\springframework\boot\spring-boot-starter-json\2.0.4.RELEASE\spring-boot-starter-json-2.0.4.RELEASE.jar;C:\Users\GBOUZAZI\.m2\repository\com\fasterxml\jackson\core\jackson-databind\2.9.6\jackson-databind-2.9.6.jar;C:\Users\GBOUZAZI\.m2\repository\com\fasterxml\jackson\core\jackson-annotations\2.9.0\jackson-annotations-2.9.0.jar;C:\Users\GBOUZAZI\.m2\repository\com\fasterxml\jackson\core\jackson-core\2.9.6\jackson-core-2.9.6.jar;C:\Users\GBOUZAZI\.m2\repository\com\fasterxml\jackson\datatype\jackson-datatype-jdk8\2.9.6\jackson-datatype-jdk8-2.9.6.jar;C:\Users\GBOUZAZI\.m2\repository\com\fasterxml\jackson\datatype\jackson-datatype-jsr310\2.9.6\jackson-datatype-jsr310-2.9.6.jar;C:\Users\GBOUZAZI\.m2\repository\com\fasterxml\jackson\module\jackson-module-parameter-names\2.9.6\jackson-module-parameter-names-2.9.6.jar;C:\Users\GBOUZAZI\.m2\repository\org\springframework\boot\spring-boot-starter-tomcat\2.0.4.RELEASE\spring-boot-starter-tomcat-2.0.4.RELEASE.jar;C:\Users\GBOUZAZI\.m2\repository\org\apache\tomcat\embed\tomcat-embed-core\8.5.32\tomcat-embed-core-8.5.32.jar;C:\Users\GBOUZAZI\.m2\repository\org\apache\tomcat\embed\tomcat-embed-el\8.5.32\tomcat-embed-el-8.5.32.jar;C:\Users\GBOUZAZI\.m2\repository\org\apache\tomcat\embed\tomcat-embed-websocket\8.5.32\tomcat-embed-websocket-8.5.32.jar;C:\Users\GBOUZAZI\.m2\repository\org\hibernate\validator\hibernate-validator\6.0.11.Final\hibernate-validator-6.0.11.Final.jar;C:\Users\GBOUZAZI\.m2\repository\javax\validation\validation-api\2.0.1.Final\validation-api-2.0.1.Final.jar;C:\Users\GBOUZAZI\.m2\repository\org\springframework\spring-web\5.0.8.RELEASE\spring-web-5.0.8.RELEASE.jar;C:\Users\GBOUZAZI\.m2\repository\org\springframework\spring-webmvc\5.0.8.RELEASE\spring-webmvc-5.0.8.RELEASE.jar;C:\Users\GBOUZAZI\.m2\repository\org\springframework\spring-expression\5.0.8.RELEASE\spring-expression-5.0.8.RELEASE.jar;C:\Users\GBOUZAZI\.m2\repository\org\springframework\boot\spring-boot-starter-thymeleaf\2.0.4.RELEASE\spring-boot-starter-thymeleaf-2.0.4.RELEASE.jar;C:\Users\GBOUZAZI\.m2\repository\org\thymeleaf\thymeleaf-spring5\3.0.9.RELEASE\thymeleaf-spring5-3.0.9.RELEASE.jar;C:\Users\GBOUZAZI\.m2\repository\org\thymeleaf\thymeleaf\3.0.9.RELEASE\thymeleaf-3.0.9.RELEASE.jar;C:\Users\GBOUZAZI\.m2\repository\org\attoparser\attoparser\2.0.4.RELEASE\attoparser-2.0.4.RELEASE.jar;C:\Users\GBOUZAZI\.m2\repository\org\unbescape\unbescape\1.1.5.RELEASE\unbescape-1.1.5.RELEASE.jar;C:\Users\GBOUZAZI\.m2\repository\org\thymeleaf\extras\thymeleaf-extras-java8time\3.0.1.RELEASE\thymeleaf-extras-java8time-3.0.1.RELEASE.jar;C:\Users\GBOUZAZI\.m2\repository\org\springframework\boot\spring-boot-starter-security\2.0.4.RELEASE\spring-boot-starter-security-2.0.4.RELEASE.jar;C:\Users\GBOUZAZI\.m2\repository\org\springframework\spring-aop\5.0.8.RELEASE\spring-aop-5.0.8.RELEASE.jar;C:\Users\GBOUZAZI\.m2\repository\org\springframework\security\spring-security-config\5.0.7.RELEASE\spring-security-config-5.0.7.RELEASE.jar;C:\Users\GBOUZAZI\.m2\repository\org\springframework\security\spring-security-core\5.0.7.RELEASE\spring-security-core-5.0.7.RELEASE.jar;C:\Users\GBOUZAZI\.m2\repository\org\springframework\security\spring-security-web\5.0.7.RELEASE\spring-security-web-5.0.7.RELEASE.jar;C:\Users\GBOUZAZI\.m2\repository\org\springframework\boot\spring-boot-devtools\2.0.4.RELEASE\spring-boot-devtools-2.0.4.RELEASE.jar;C:\Users\GBOUZAZI\.m2\repository\org\springframework\boot\spring-boot\2.0.4.RELEASE\spring-boot-2.0.4.RELEASE.jar;C:\Users\GBOUZAZI\.m2\repository\org\springframework\boot\spring-boot-autoconfigure\2.0.4.RELEASE\spring-boot-autoconfigure-2.0.4.RELEASE.jar;C:\Users\GBOUZAZI\.m2\repository\mysql\mysql-connector-java\5.1.46\mysql-connector-java-5.1.46.jar;C:\Users\GBOUZAZI\.m2\repository\com\h2database\h2\1.4.197\h2-1.4.197.jar;, user.name=GBOUZAZI, java.vm.specification.version=1.8, sun.java.command=C:\Users\GBOUZAZI\AppData\Local\Temp\surefire5626169219765050080\surefirebooter1045908453996318673.jar C:\Users\GBOUZAZI\AppData\Local\Temp\surefire5626169219765050080 2021-07-10T01-49-15_634-jvmRun1 surefire3292331147528326164tmp surefire_06398304535699588039tmp, java.home=C:\Users\GBOUZAZI\.jdks\corretto-1.8.0_292\jre, sun.arch.data.model=64, user.language=fr, java.specification.vendor=Oracle Corporation, awt.toolkit=sun.awt.windows.WToolkit, java.vm.info=mixed mode, java.version=1.8.0_292, java.ext.dirs=C:\Users\GBOUZAZI\.jdks\corretto-1.8.0_292\jre\lib\ext;C:\WINDOWS\Sun\Java\lib\ext, sun.boot.class.path=C:\Users\GBOUZAZI\.jdks\corretto-1.8.0_292\jre\lib\resources.jar;C:\Users\GBOUZAZI\.jdks\corretto-1.8.0_292\jre\lib\rt.jar;C:\Users\GBOUZAZI\.jdks\corretto-1.8.0_292\jre\lib\sunrsasign.jar;C:\Users\GBOUZAZI\.jdks\corretto-1.8.0_292\jre\lib\jsse.jar;C:\Users\GBOUZAZI\.jdks\corretto-1.8.0_292\jre\lib\jce.jar;C:\Users\GBOUZAZI\.jdks\corretto-1.8.0_292\jre\lib\charsets.jar;C:\Users\GBOUZAZI\.jdks\corretto-1.8.0_292\jre\lib\jfr.jar;C:\Users\GBOUZAZI\.jdks\corretto-1.8.0_292\jre\classes, java.vendor=Amazon.com Inc., localRepository=C:\Users\GBOUZAZI\.m2\repository, file.separator=\, java.vendor.url.bug=https://github.com/corretto/corretto-8/issues/, sun.io.unicode.encoding=UnicodeLittle, sun.cpu.endian=little, sun.desktop=windows, sun.cpu.isalist=amd64}}, SystemEnvironmentPropertySource@1376790324 {name='systemEnvironment', properties={PATH=C:\Program Files\Common Files\Oracle\Java\javapath;C:\Program Files (x86)\Common Files\Oracle\Java\javapath;C:\WINDOWS\system32;C:\WINDOWS;C:\WINDOWS\System32\Wbem;C:\WINDOWS\System32\WindowsPowerShell\v1.0\;C:\WINDOWS\System32\OpenSSH\;D:\Tools\apache-maven-3.6.3\bin;D:\Tools\gradle-6.2.2\bin;C:\Program Files\Intel\WiFi\bin\;C:\Program Files\Common Files\Intel\WirelessCommon\;C:\Program Files (x86)\IBM\Personal Communications\;C:\Program Files (x86)\IBM\Trace Facility\;C:\Program Files\Git\cmd;C:\ProgramData\chocolatey\bin;C:\ProgramData\nvm;C:\Program Files\nodejs;C:\Program Files\nodejs\;C:\Program Files\MySQL\MySQL Server 8.0\bin;C:\apache-maven-3.6.3\bin;;C:\Program Files\Docker\Docker\resources\bin;C:\ProgramData\DockerDesktop\version-bin;C:\Program Files (x86)\Intel\Intel(R) Management Engine Components\DAL;C:\Program Files\Intel\Intel(R) Management Engine Components\DAL;C:\Users\GBOUZAZI\AppData\Local\Programs\Python\Python38\Scripts\;C:\Users\GBOUZAZI\AppData\Local\Programs\Python\Python38\;C:\Users\GBOUZAZI\AppData\Local\Programs\AdoptOpenJDK\jdk-11.0.9.11-hotspot\bin;C:\Ruby26-x64\bin;C:\Users\GBOUZAZI\AppData\Local\Microsoft\WindowsApps;C:\Users\GBOUZAZI\AppData\Local\Programs\Microsoft VS Code\bin;C:\Users\GBOUZAZI\AppData\Roaming\npm;C:\Program Files\JetBrains\WebStorm 2020.2.4\bin;C:\Users\GBOUZAZI\AppData\Local\Microsoft\WindowsApps, USERDOMAIN_ROAMINGPROFILE=GROUP, NVM_SYMLINK=C:\Program Files\nodejs, PROCESSOR_LEVEL=6, SYSTEMDRIVE=C:, SESSIONNAME=Console, ALLUSERSPROFILE=C:\ProgramData, PROCESSOR_ARCHITECTURE=AMD64, DRIVERDATA=C:\Windows\System32\Drivers\DriverData, PROGRAMFILES=C:\Program Files, PSMODULEPATH=%ProgramFiles%\WindowsPowerShell\Modules;C:\WINDOWS\system32\WindowsPowerShell\v1.0\Modules, PROGRAMDATA=C:\ProgramData, CHOCOLATEYLASTPATHUPDATE=132434398928443501, USERNAME=GBOUZAZI, USERDNSDOMAIN=GROUP.HARDIS, TOOLBOX_VERSION=1.20.8804, ONEDRIVE=C:\Users\GBOUZAZI\OneDrive - Hardis Group, PATHEXT=.COM;.EXE;.BAT;.CMD;.VBS;.VBE;.JS;.JSE;.WSF;.WSH;.MSC;.RB;.RBW, ONEDRIVECONSUMER=C:\Users\GBOUZAZI\OneDrive, WINDIR=C:\WINDOWS, HOMEPATH=\Users\GBOUZAZI, PROCESSOR_IDENTIFIER=Intel64 Family 6 Model 142 Stepping 10, GenuineIntel, PUBLIC=C:\Users\Public, PCOMM_ROOT=C:\Program Files (x86)\IBM\Personal Communications\, LOCALAPPDATA=C:\Users\GBOUZAZI\AppData\Local, COMMONPROGRAMFILES(X86)=C:\Program Files (x86)\Common Files, USERDOMAIN=GROUP, LOGONSERVER=\\HGPSEYADYPWV001, JAVA_HOME=C:\Users\GBOUZAZI\AppData\Local\Programs\AdoptOpenJDK\jdk-11.0.9.11-hotspot\, PROMPT=$P$G, PROGRAMFILES(X86)=C:\Program Files (x86), =C:=C:\Users\GBOUZAZI\Desktop\JavaDA_PROJECT7_RESTAPI\Poseiden-skeleton, APPDATA=C:\Users\GBOUZAZI\AppData\Roaming, PROGRAMW6432=C:\Program Files, SYSTEMROOT=C:\WINDOWS, CHOCOLATEYINSTALL=C:\ProgramData\chocolatey, OS=Windows_NT, ONEDRIVECOMMERCIAL=C:\Users\GBOUZAZI\OneDrive - Hardis Group, COMMONPROGRAMW6432=C:\Program Files\Common Files, COMPUTERNAME=TPV82, COMMONPROGRAMFILES=C:\Program Files\Common Files, COMSPEC=C:\WINDOWS\system32\cmd.exe, NVM_HOME=C:\ProgramData\nvm, PROCESSOR_REVISION=8e0a, RUBYOPT=-Eutf-8, TEMP=C:\Users\GBOUZAZI\AppData\Local\Temp, HOMEDRIVE=C:, USERPROFILE=C:\Users\GBOUZAZI, TMP=C:\Users\GBOUZAZI\AppData\Local\Temp, WEBSTORM=C:\Program Files\JetBrains\WebStorm 2020.2.4\bin;, NUMBER_OF_PROCESSORS=8, IDEA_INITIAL_DIRECTORY=C:\Users\GBOUZAZI\AppData\Local\JetBrains\Toolbox\apps\IDEA-U\ch-0\211.7142.45\bin}}]
01:49:20.737 [main] DEBUG org.springframework.test.context.support.TestPropertySourceUtils - Adding inlined properties to environment: {spring.jmx.enabled=false, org.springframework.boot.test.context.SpringBootTestContextBootstrapper=true, server.port=-1}
01:49:20.737 [main] DEBUG org.springframework.core.env.StandardEnvironment - Adding PropertySource 'Inlined Test Properties' with highest search precedence

  .   ____          _            __ _ _
 /\\ / ___'_ __ _ _(_)_ __  __ _ \ \ \ \
( ( )\___ | '_ | '_| | '_ \/ _` | \ \ \ \
 \\/  ___)| |_)| | | | | || (_| |  ) ) ) )
  '  |____| .__|_| |_|_| |_\__, | / / / /
 =========|_|==============|___/=/_/_/_/
 :: Spring Boot ::        (v2.0.4.RELEASE)

2021-07-10 01:49:21.852  INFO 45352 --- [           main] com.nnk.springboot.BidTests              : Starting BidTests on TPV82 with PID 45352 (started by GBOUZAZI in C:\Users\GBOUZAZI\Desktop\JavaDA_PROJECT7_RESTAPI\Poseiden-skeleton)
2021-07-10 01:49:21.855  INFO 45352 --- [           main] com.nnk.springboot.BidTests              : No active profile set, falling back to default profiles: default
2021-07-10 01:49:21.954  INFO 45352 --- [           main] o.s.w.c.s.GenericWebApplicationContext   : Refreshing org.springframework.web.context.support.GenericWebApplicationContext@1b66c0fb: startup date [Sat Jul 10 01:49:21 CEST 2021]; root of context hierarchy
2021-07-10 01:49:24.680  INFO 45352 --- [           main] .s.d.r.c.RepositoryConfigurationDelegate : Multiple Spring Data modules found, entering strict repository configuration mode!
2021-07-10 01:49:25.236  INFO 45352 --- [           main] .s.d.r.c.RepositoryConfigurationDelegate : Multiple Spring Data modules found, entering strict repository configuration mode!
2021-07-10 01:49:25.381  INFO 45352 --- [           main] .RepositoryConfigurationExtensionSupport : Spring Data Redis - Could not safely identify store assignment for repository candidate interface com.nnk.springboot.repositories.BidListRepository.
2021-07-10 01:49:25.384  INFO 45352 --- [           main] .RepositoryConfigurationExtensionSupport : Spring Data Redis - Could not safely identify store assignment for repository candidate interface com.nnk.springboot.repositories.CurvePointRepository.
2021-07-10 01:49:25.386  INFO 45352 --- [           main] .RepositoryConfigurationExtensionSupport : Spring Data Redis - Could not safely identify store assignment for repository candidate interface com.nnk.springboot.repositories.RatingRepository.
2021-07-10 01:49:25.387  INFO 45352 --- [           main] .RepositoryConfigurationExtensionSupport : Spring Data Redis - Could not safely identify store assignment for repository candidate interface com.nnk.springboot.repositories.RuleNameRepository.
2021-07-10 01:49:25.388  INFO 45352 --- [           main] .RepositoryConfigurationExtensionSupport : Spring Data Redis - Could not safely identify store assignment for repository candidate interface com.nnk.springboot.repositories.TradeRepository.
[...]
2021-07-10 01:49:33.175  INFO 45352 --- [           main] s.w.s.m.m.a.RequestMappingHandlerMapping : Mapped "{[/bidList/update/{id}],methods=[GET]}" onto public java.lang.String com.nnk.springboot.controllers.BidListController.showUpdateForm(java.lang.Integer,org.springframework.ui.Model)
2021-07-10 01:49:33.178  INFO 45352 --- [           main] s.w.s.m.m.a.RequestMappingHandlerMapping : Mapped "{[/curvePoint/list]}" onto public java.lang.String com.nnk.springboot.controllers.CurveController.home(org.springframework.ui.Model)
2021-07-10 01:49:33.179  INFO 45352 --- [           main] s.w.s.m.m.a.RequestMappingHandlerMapping : Mapped "{[/curvePoint/validate],methods=[POST]}" onto public java.lang.String com.nnk.springboot.controllers.CurveController.validate(com.nnk.springboot.domain.CurvePoint,org.springframework.validation.BindingResult,org.springframework.ui.Model)
2021-07-10 01:49:33.179  INFO 45352 --- [           main] s.w.s.m.m.a.RequestMappingHandlerMapping : Mapped "{[/curvePoint/add],methods=[GET]}" onto public java.lang.String com.nnk.springboot.controllers.CurveController.addBidForm(com.nnk.springboot.domain.CurvePoint)
2021-07-10 01:49:33.180  INFO 45352 --- [           main] s.w.s.m.m.a.RequestMappingHandlerMapping : Mapped "{[/curvePoint/update/{id}],methods=[POST]}" onto public java.lang.String com.nnk.springboot.controllers.CurveController.updateBid(java.lang.Integer,com.nnk.springboot.domain.CurvePoint,org.springframework.validation.BindingResult,org.springframework.ui.Model)
2021-07-10 01:49:33.180  INFO 45352 --- [           main] s.w.s.m.m.a.RequestMappingHandlerMapping : Mapped "{[/curvePoint/delete/{id}],methods=[GET]}" onto public java.lang.String com.nnk.springboot.controllers.CurveController.deleteBid(java.lang.Integer,org.springframework.ui.Model)
2021-07-10 01:49:33.181  INFO 45352 --- [           main] s.w.s.m.m.a.RequestMappingHandlerMapping : Mapped "{[/curvePoint/update/{id}],methods=[GET]}" onto public java.lang.String com.nnk.springboot.controllers.CurveController.showUpdateForm(java.lang.Integer,org.springframework.ui.Model)
2021-07-10 01:49:33.182  INFO 45352 --- [           main] s.w.s.m.m.a.RequestMappingHandlerMapping : Mapped "{[/]}" onto public java.lang.String com.nnk.springboot.controllers.HomeController.home(org.springframework.ui.Model)
2021-07-10 01:49:33.183  INFO 45352 --- [           main] s.w.s.m.m.a.RequestMappingHandlerMapping : Mapped "{[/admin/home]}" onto public java.lang.String com.nnk.springboot.controllers.HomeController.adminHome(org.springframework.ui.Model)
2021-07-10 01:49:33.187  INFO 45352 --- [           main] s.w.s.m.m.a.RequestMappingHandlerMapping : Mapped "{[/app/error],methods=[GET]}" onto public org.springframework.web.servlet.ModelAndView com.nnk.springboot.controllers.LoginController.error()
2021-07-10 01:49:33.187  INFO 45352 --- [           main] s.w.s.m.m.a.RequestMappingHandlerMapping : Mapped "{[/app/login],methods=[GET]}" onto public org.springframework.web.servlet.ModelAndView com.nnk.springboot.controllers.LoginController.login()
2021-07-10 01:49:33.188  INFO 45352 --- [           main] s.w.s.m.m.a.RequestMappingHandlerMapping : Mapped "{[/app/secure/article-details],methods=[GET]}" onto public org.springframework.web.servlet.ModelAndView com.nnk.springboot.controllers.LoginController.getAllUserArticles()
2021-07-10 01:49:33.191  INFO 45352 --- [           main] s.w.s.m.m.a.RequestMappingHandlerMapping : Mapped "{[/rating/list]}" onto public java.lang.String com.nnk.springboot.controllers.RatingController.home(org.springframework.ui.Model)
2021-07-10 01:49:33.192  INFO 45352 --- [           main] s.w.s.m.m.a.RequestMappingHandlerMapping : Mapped "{[/rating/validate],methods=[POST]}" onto public java.lang.String com.nnk.springboot.controllers.RatingController.validate(com.nnk.springboot.domain.Rating,org.springframework.validation.BindingResult,org.springframework.ui.Model)
2021-07-10 01:49:33.193  INFO 45352 --- [           main] s.w.s.m.m.a.RequestMappingHandlerMapping : Mapped "{[/rating/update/{id}],methods=[GET]}" onto public java.lang.String com.nnk.springboot.controllers.RatingController.showUpdateForm(java.lang.Integer,org.springframework.ui.Model)
2021-07-10 01:49:33.193  INFO 45352 --- [           main] s.w.s.m.m.a.RequestMappingHandlerMapping : Mapped "{[/rating/add],methods=[GET]}" onto public java.lang.String com.nnk.springboot.controllers.RatingController.addRatingForm(com.nnk.springboot.domain.Rating)
2021-07-10 01:49:33.194  INFO 45352 --- [           main] s.w.s.m.m.a.RequestMappingHandlerMapping : Mapped "{[/rating/delete/{id}],methods=[GET]}" onto public java.lang.String com.nnk.springboot.controllers.RatingController.deleteRating(java.lang.Integer,org.springframework.ui.Model)
2021-07-10 01:49:33.195  INFO 45352 --- [           main] s.w.s.m.m.a.RequestMappingHandlerMapping : Mapped "{[/rating/update/{id}],methods=[POST]}" onto public java.lang.String com.nnk.springboot.controllers.RatingController.updateRating(java.lang.Integer,com.nnk.springboot.domain.Rating,org.springframework.validation.BindingResult,org.springframework.ui.Model)
2021-07-10 01:49:33.197  INFO 45352 --- [           main] s.w.s.m.m.a.RequestMappingHandlerMapping : Mapped "{[/ruleName/list]}" onto public java.lang.String com.nnk.springboot.controllers.RuleNameController.home(org.springframework.ui.Model)
2021-07-10 01:49:33.198  INFO 45352 --- [           main] s.w.s.m.m.a.RequestMappingHandlerMapping : Mapped "{[/ruleName/validate],methods=[POST]}" onto public java.lang.String com.nnk.springboot.controllers.RuleNameController.validate(com.nnk.springboot.domain.RuleName,org.springframework.validation.BindingResult,org.springframework.ui.Model)
2021-07-10 01:49:33.198  INFO 45352 --- [           main] s.w.s.m.m.a.RequestMappingHandlerMapping : Mapped "{[/ruleName/update/{id}],methods=[GET]}" onto public java.lang.String com.nnk.springboot.controllers.RuleNameController.showUpdateForm(java.lang.Integer,org.springframework.ui.Model)
2021-07-10 01:49:33.199  INFO 45352 --- [           main] s.w.s.m.m.a.RequestMappingHandlerMapping : Mapped "{[/ruleName/delete/{id}],methods=[GET]}" onto public java.lang.String com.nnk.springboot.controllers.RuleNameController.deleteRuleName(java.lang.Integer,org.springframework.ui.Model)
2021-07-10 01:49:33.199  INFO 45352 --- [           main] s.w.s.m.m.a.RequestMappingHandlerMapping : Mapped "{[/ruleName/update/{id}],methods=[POST]}" onto public java.lang.String com.nnk.springboot.controllers.RuleNameController.updateRuleName(java.lang.Integer,com.nnk.springboot.domain.RuleName,org.springframework.validation.BindingResult,org.springframework.ui.Model)
2021-07-10 01:49:33.199  INFO 45352 --- [           main] s.w.s.m.m.a.RequestMappingHandlerMapping : Mapped "{[/ruleName/add],methods=[GET]}" onto public java.lang.String com.nnk.springboot.controllers.RuleNameController.addRuleForm(com.nnk.springboot.domain.RuleName)
2021-07-10 01:49:33.208  INFO 45352 --- [           main] s.w.s.m.m.a.RequestMappingHandlerMapping : Mapped "{[/trade/list]}" onto public java.lang.String com.nnk.springboot.controllers.TradeController.home(org.springframework.ui.Model)
2021-07-10 01:49:33.209  INFO 45352 --- [           main] s.w.s.m.m.a.RequestMappingHandlerMapping : Mapped "{[/trade/validate],methods=[POST]}" onto public java.lang.String com.nnk.springboot.controllers.TradeController.validate(com.nnk.springboot.domain.Trade,org.springframework.validation.BindingResult,org.springframework.ui.Model)
2021-07-10 01:49:33.209  INFO 45352 --- [           main] s.w.s.m.m.a.RequestMappingHandlerMapping : Mapped "{[/trade/update/{id}],methods=[GET]}" onto public java.lang.String com.nnk.springboot.controllers.TradeController.showUpdateForm(java.lang.Integer,org.springframework.ui.Model)
2021-07-10 01:49:33.210  INFO 45352 --- [           main] s.w.s.m.m.a.RequestMappingHandlerMapping : Mapped "{[/trade/add],methods=[GET]}" onto public java.lang.String com.nnk.springboot.controllers.TradeController.addUser(com.nnk.springboot.domain.Trade)
2021-07-10 01:49:33.210  INFO 45352 --- [           main] s.w.s.m.m.a.RequestMappingHandlerMapping : Mapped "{[/trade/delete/{id}],methods=[GET]}" onto public java.lang.String com.nnk.springboot.controllers.TradeController.deleteTrade(java.lang.Integer,org.springframework.ui.Model)
2021-07-10 01:49:33.211  INFO 45352 --- [           main] s.w.s.m.m.a.RequestMappingHandlerMapping : Mapped "{[/trade/update/{id}],methods=[POST]}" onto public java.lang.String com.nnk.springboot.controllers.TradeController.updateTrade(java.lang.Integer,com.nnk.springboot.domain.Trade,org.springframework.validation.BindingResult,org.springframework.ui.Model)
2021-07-10 01:49:33.215  INFO 45352 --- [           main] s.w.s.m.m.a.RequestMappingHandlerMapping : Mapped "{[/user/list]}" onto public java.lang.String com.nnk.springboot.controllers.UserController.home(org.springframework.ui.Model)
2021-07-10 01:49:33.215  INFO 45352 --- [           main] s.w.s.m.m.a.RequestMappingHandlerMapping : Mapped "{[/user/validate],methods=[POST]}" onto public java.lang.String com.nnk.springboot.controllers.UserController.validate(com.nnk.springboot.domain.User,org.springframework.validation.BindingResult,org.springframework.ui.Model)
2021-07-10 01:49:33.216  INFO 45352 --- [           main] s.w.s.m.m.a.RequestMappingHandlerMapping : Mapped "{[/user/update/{id}],methods=[GET]}" onto public java.lang.String com.nnk.springboot.controllers.UserController.showUpdateForm(java.lang.Integer,org.springframework.ui.Model)
2021-07-10 01:49:33.216  INFO 45352 --- [           main] s.w.s.m.m.a.RequestMappingHandlerMapping : Mapped "{[/user/add],methods=[GET]}" onto public java.lang.String com.nnk.springboot.controllers.UserController.addUser(com.nnk.springboot.domain.User)
2021-07-10 01:49:33.216  INFO 45352 --- [           main] s.w.s.m.m.a.RequestMappingHandlerMapping : Mapped "{[/user/update/{id}],methods=[POST]}" onto public java.lang.String com.nnk.springboot.controllers.UserController.updateUser(java.lang.Integer,com.nnk.springboot.domain.User,org.springframework.validation.BindingResult,org.springframework.ui.Model)
2021-07-10 01:49:33.217  INFO 45352 --- [           main] s.w.s.m.m.a.RequestMappingHandlerMapping : Mapped "{[/user/delete/{id}],methods=[GET]}" onto public java.lang.String com.nnk.springboot.controllers.UserController.deleteUser(java.lang.Integer,org.springframework.ui.Model)
2021-07-10 01:49:33.223  INFO 45352 --- [           main] s.w.s.m.m.a.RequestMappingHandlerMapping : Mapped "{[/error]}" onto public org.springframework.http.ResponseEntity<java.util.Map<java.lang.String, java.lang.Object>> org.springframework.boot.autoconfigure.web.servlet.error.BasicErrorController.error(javax.servlet.http.HttpServletRequest)
2021-07-10 01:49:33.224  INFO 45352 --- [           main] s.w.s.m.m.a.RequestMappingHandlerMapping : Mapped "{[/error],produces=[text/html]}" onto public org.springframework.web.servlet.ModelAndView org.springframework.boot.autoconfigure.web.servlet.error.BasicErrorController.errorHtml(javax.servlet.http.HttpServletRequest,javax.servlet.http.HttpServletResponse)
2021-07-10 01:49:33.307  INFO 45352 --- [           main] o.s.w.s.handler.SimpleUrlHandlerMapping  : Mapped URL path [/webjars/**] onto handler of type [class org.springframework.web.servlet.resource.ResourceHttpRequestHandler]
2021-07-10 01:49:33.308  INFO 45352 --- [           main] o.s.w.s.handler.SimpleUrlHandlerMapping  : Mapped URL path [/**] onto handler of type [class org.springframework.web.servlet.resource.ResourceHttpRequestHandler]
2021-07-10 01:49:35.594  INFO 45352 --- [           main] .s.s.UserDetailsServiceAutoConfiguration : 

Using generated security password: 70f4a015-5e47-4d39-8c6a-75e572057f85

2021-07-10 01:49:36.054  INFO 45352 --- [           main] o.s.s.web.DefaultSecurityFilterChain     : Creating filter chain: org.springframework.security.web.util.matcher.AnyRequestMatcher@1, [org.springframework.security.web.context.request.async.WebAsyncManagerIntegrationFilter@61b8c9de, org.springframework.security.web.context.SecurityContextPersistenceFilter@33a71d23, org.springframework.security.web.header.HeaderWriterFilter@1fbd5e0, org.springframework.security.web.csrf.CsrfFilter@534d0e20, org.springframework.security.web.authentication.logout.LogoutFilter@429f0ca8, org.springframework.security.web.authentication.UsernamePasswordAuthenticationFilter@6f112f70, org.springframework.security.web.authentication.ui.DefaultLoginPageGeneratingFilter@3ec082a1, org.springframework.security.web.authentication.www.BasicAuthenticationFilter@fde487b, org.springframework.security.web.savedrequest.RequestCacheAwareFilter@12166229, org.springframework.security.web.servletapi.SecurityContextHolderAwareRequestFilter@a99c42c, org.springframework.security.web.authentication.AnonymousAuthenticationFilter@b34c7c9, org.springframework.security.web.session.SessionManagementFilter@135064ea, org.springframework.security.web.access.ExceptionTranslationFilter@39514976, org.springframework.security.web.access.intercept.FilterSecurityInterceptor@2beee3e8]
2021-07-10 01:49:36.264  INFO 45352 --- [           main] com.nnk.springboot.BidTests              : Started BidTests in 15.491 seconds (JVM running for 19.295)
Hibernate: insert into bidlist (account, ask, ask_quantity, benchmark, bid, bid_list_date, bid_quantity, book, commentary, creation_date, creation_name, deal_name, deal_type, revision_date, revision_name, security, side, source_list_id, status, trader, type) values (?, ?, ?, ?, ?, ?, ?, ?, ?, ?, ?, ?, ?, ?, ?, ?, ?, ?, ?, ?, ?)
2021-07-10 01:49:36.708  WARN 45352 --- [           main] o.h.engine.jdbc.spi.SqlExceptionHelper   : SQL Error: 1364, SQLState: HY000
2021-07-10 01:49:36.709 ERROR 45352 --- [           main] o.h.engine.jdbc.spi.SqlExceptionHelper   : Field 'bid_list_id' doesn't have a default value
]]></system-out>
    <system-err><![CDATA[SLF4J: Class path contains multiple SLF4J bindings.
SLF4J: Found binding in [jar:file:/C:/Users/GBOUZAZI/.m2/repository/ch/qos/logback/logback-classic/1.2.3/logback-classic-1.2.3.jar!/org/slf4j/impl/StaticLoggerBinder.class]
SLF4J: Found binding in [jar:file:/C:/Users/GBOUZAZI/.m2/repository/org/apache/logging/log4j/log4j-slf4j-impl/2.10.0/log4j-slf4j-impl-2.10.0.jar!/org/slf4j/impl/StaticLoggerBinder.class]
SLF4J: See http://www.slf4j.org/codes.html#multiple_bindings for an explanation.
SLF4J: Actual binding is of type [ch.qos.logback.classic.util.ContextSelectorStaticBinder]
Sat Jul 10 01:49:27 CEST 2021 WARN: Establishing SSL connection without server's identity verification is not recommended. According to MySQL 5.5.45+, 5.6.26+ and 5.7.6+ requirements SSL connection must be established by default if explicit option isn't set. For compliance with existing applications not using SSL the verifyServerCertificate property is set to 'false'. You need either to explicitly disable SSL by setting useSSL=false, or set useSSL=true and provide truststore for server certificate verification.
Sat Jul 10 01:49:28 CEST 2021 WARN: Establishing SSL connection without server's identity verification is not recommended. According to MySQL 5.5.45+, 5.6.26+ and 5.7.6+ requirements SSL connection must be established by default if explicit option isn't set. For compliance with existing applications not using SSL the verifyServerCertificate property is set to 'false'. You need either to explicitly disable SSL by setting useSSL=false, or set useSSL=true and provide truststore for server certificate verification.
Sat Jul 10 01:49:28 CEST 2021 WARN: Establishing SSL connection without server's identity verification is not recommended. According to MySQL 5.5.45+, 5.6.26+ and 5.7.6+ requirements SSL connection must be established by default if explicit option isn't set. For compliance with existing applications not using SSL the verifyServerCertificate property is set to 'false'. You need either to explicitly disable SSL by setting useSSL=false, or set useSSL=true and provide truststore for server certificate verification.
Sat Jul 10 01:49:28 CEST 2021 WARN: Establishing SSL connection without server's identity verification is not recommended. According to MySQL 5.5.45+, 5.6.26+ and 5.7.6+ requirements SSL connection must be established by default if explicit option isn't set. For compliance with existing applications not using SSL the verifyServerCertificate property is set to 'false'. You need either to explicitly disable SSL by setting useSSL=false, or set useSSL=true and provide truststore for server certificate verification.
Sat Jul 10 01:49:28 CEST 2021 WARN: Establishing SSL connection without server's identity verification is not recommended. According to MySQL 5.5.45+, 5.6.26+ and 5.7.6+ requirements SSL connection must be established by default if explicit option isn't set. For compliance with existing applications not using SSL the verifyServerCertificate property is set to 'false'. You need either to explicitly disable SSL by setting useSSL=false, or set useSSL=true and provide truststore for server certificate verification.
Sat Jul 10 01:49:28 CEST 2021 WARN: Establishing SSL connection without server's identity verification is not recommended. According to MySQL 5.5.45+, 5.6.26+ and 5.7.6+ requirements SSL connection must be established by default if explicit option isn't set. For compliance with existing applications not using SSL the verifyServerCertificate property is set to 'false'. You need either to explicitly disable SSL by setting useSSL=false, or set useSSL=true and provide truststore for server certificate verification.
Sat Jul 10 01:49:28 CEST 2021 WARN: Establishing SSL connection without server's identity verification is not recommended. According to MySQL 5.5.45+, 5.6.26+ and 5.7.6+ requirements SSL connection must be established by default if explicit option isn't set. For compliance with existing applications not using SSL the verifyServerCertificate property is set to 'false'. You need either to explicitly disable SSL by setting useSSL=false, or set useSSL=true and provide truststore for server certificate verification.
Sat Jul 10 01:49:28 CEST 2021 WARN: Establishing SSL connection without server's identity verification is not recommended. According to MySQL 5.5.45+, 5.6.26+ and 5.7.6+ requirements SSL connection must be established by default if explicit option isn't set. For compliance with existing applications not using SSL the verifyServerCertificate property is set to 'false'. You need either to explicitly disable SSL by setting useSSL=false, or set useSSL=true and provide truststore for server certificate verification.
Sat Jul 10 01:49:28 CEST 2021 WARN: Establishing SSL connection without server's identity verification is not recommended. According to MySQL 5.5.45+, 5.6.26+ and 5.7.6+ requirements SSL connection must be established by default if explicit option isn't set. For compliance with existing applications not using SSL the verifyServerCertificate property is set to 'false'. You need either to explicitly disable SSL by setting useSSL=false, or set useSSL=true and provide truststore for server certificate verification.
Sat Jul 10 01:49:28 CEST 2021 WARN: Establishing SSL connection without server's identity verification is not recommended. According to MySQL 5.5.45+, 5.6.26+ and 5.7.6+ requirements SSL connection must be established by default if explicit option isn't set. For compliance with existing applications not using SSL the verifyServerCertificate property is set to 'false'. You need either to explicitly disable SSL by setting useSSL=false, or set useSSL=true and provide truststore for server certificate verification.
]]></system-err>
  </testcase>
</testsuite>