<?xml version="1.0" encoding="UTF-8"?>
<testsuite xmlns:xsi="http://www.w3.org/2001/XMLSchema-instance" xsi:noNamespaceSchemaLocation="https://maven.apache.org/surefire/maven-surefire-plugin/xsd/surefire-test-report.xsd" name="com.nnk.springboot.BidTests" time="18.131" tests="1" errors="1" skipped="0" failures="0">
  <properties>
[...]
</properties>
  <testcase name="bidListTest" classname="com.nnk.springboot.BidTests" time="0.818">
    <error message="could not execute statement; nested exception is org.hibernate.exception.GenericJDBCException: could not execute statement" type="org.springframework.orm.jpa.JpaSystemException">org.springframework.orm.jpa.JpaSystemException: could not execute statement; nested exception is org.hibernate.exception.GenericJDBCException: could not execute statement
	at com.nnk.springboot.BidTests.bidListTest(BidTests.java:27)
Caused by: org.hibernate.exception.GenericJDBCException: could not execute statement
	at com.nnk.springboot.BidTests.bidListTest(BidTests.java:27)
Caused by: java.sql.SQLException: Field 'bid_list_id' doesn't have a default value
	at com.nnk.springboot.BidTests.bidListTest(BidTests.java:27)
</error>
    <system-out><![CDATA[
  .   ____          _            __ _ _
 /\\ / ___'_ __ _ _(_)_ __  __ _ \ \ \ \
( ( )\___ | '_ | '_| | '_ \/ _` | \ \ \ \
 \\/  ___)| |_)| | | | | || (_| |  ) ) ) )
  '  |____| .__|_| |_|_| |_\__, | / / / /
 =========|_|==============|___/=/_/_/_/
 :: Spring Boot ::        (v2.2.6.RELEASE)

2021-07-14 01:19:11.552  INFO 3568 --- [           main] c.n.s.BidTests                           : Starting BidTests on TPV82 with PID 3568 (started by GBOUZAZI in D:\Projets\OpenClassRooms\JavaDA_PROJECT7_RESTAPI\Poseiden-skeleton)
2021-07-14 01:19:11.601  INFO 3568 --- [           main] c.n.s.BidTests                           : No active profile set, falling back to default profiles: default
2021-07-14 01:19:13.759  INFO 3568 --- [           main] .s.d.r.c.RepositoryConfigurationDelegate : Bootstrapping Spring Data JPA repositories in DEFAULT mode.
2021-07-14 01:19:13.984  INFO 3568 --- [           main] .s.d.r.c.RepositoryConfigurationDelegate : Finished Spring Data repository scanning in 205ms. Found 6 JPA repository interfaces.
2021-07-14 01:19:15.864  INFO 3568 --- [           main] o.h.j.i.u.LogHelper                      : HHH000204: Processing PersistenceUnitInfo [name: default]
2021-07-14 01:19:16.170  INFO 3568 --- [           main] o.h.Version                              : HHH000412: Hibernate ORM core version 5.4.12.Final
2021-07-14 01:19:16.594  INFO 3568 --- [           main] o.h.a.c.Version                          : HCANN000001: Hibernate Commons Annotations {5.1.0.Final}
2021-07-14 01:19:16.933  INFO 3568 --- [           main] c.z.h.HikariDataSource                   : HikariPool-1 - Starting...
2021-07-14 01:19:16.945  WARN 3568 --- [           main] c.z.h.u.DriverDataSource                 : Registered driver with driverClassName=com.mysql.jdbc.Driver was not found, trying direct instantiation.
2021-07-14 01:19:18.139  INFO 3568 --- [           main] c.z.h.HikariDataSource                   : HikariPool-1 - Start completed.
2021-07-14 01:19:18.235  INFO 3568 --- [           main] o.h.d.Dialect                            : HHH000400: Using dialect: org.hibernate.dialect.MySQL8Dialect
2021-07-14 01:19:20.711  INFO 3568 --- [           main] o.h.e.t.j.p.i.JtaPlatformInitiator       : HHH000490: Using JtaPlatform implementation: [org.hibernate.engine.transaction.jta.platform.internal.NoJtaPlatform]
2021-07-14 01:19:20.730  INFO 3568 --- [           main] j.LocalContainerEntityManagerFactoryBean : Initialized JPA EntityManagerFactory for persistence unit 'default'
2021-07-14 01:19:22.287  WARN 3568 --- [           main] JpaBaseConfiguration$JpaWebConfiguration : spring.jpa.open-in-view is enabled by default. Therefore, database queries may be performed during view rendering. Explicitly configure spring.jpa.open-in-view to disable this warning
2021-07-14 01:19:23.795  INFO 3568 --- [           main] o.s.s.w.DefaultSecurityFilterChain       : Creating filter chain: any request, [org.springframework.security.web.context.request.async.WebAsyncManagerIntegrationFilter@38659df5, org.springframework.security.web.context.SecurityContextPersistenceFilter@51c604cb, org.springframework.security.web.header.HeaderWriterFilter@2835eddf, org.springframework.security.web.authentication.logout.LogoutFilter@5e0c98c3, org.springframework.security.web.authentication.UsernamePasswordAuthenticationFilter@1a6d31b3, org.springframework.security.web.savedrequest.RequestCacheAwareFilter@1c03bdc5, org.springframework.security.web.servletapi.SecurityContextHolderAwareRequestFilter@4f278f13, org.springframework.security.web.authentication.AnonymousAuthenticationFilter@60cbf351, org.springframework.security.web.session.SessionManagementFilter@ae4be74, org.springframework.security.web.access.ExceptionTranslationFilter@19bd7cf4, org.springframework.security.web.access.intercept.FilterSecurityInterceptor@ed2a448]
2021-07-14 01:19:25.592  INFO 3568 --- [           main] o.s.s.c.ThreadPoolTaskExecutor           : Initializing ExecutorService 'applicationTaskExecutor'
2021-07-14 01:19:26.836  INFO 3568 --- [           main] c.n.s.BidTests                           : Started BidTests in 16.724 seconds (JVM running for 22.305)
Hibernate: insert into bidlist (account, ask, ask_quantity, benchmark, bid, bid_list_date, bid_quantity, book, commentary, creation_date, creation_name, deal_name, deal_type, revision_date, revision_name, security, side, source_list_id, status, trader, type) values (?, ?, ?, ?, ?, ?, ?, ?, ?, ?, ?, ?, ?, ?, ?, ?, ?, ?, ?, ?, ?)
2021-07-14 01:19:27.947  WARN 3568 --- [           main] o.h.e.j.s.SqlExceptionHelper             : SQL Error: 1364, SQLState: HY000
2021-07-14 01:19:27.948 ERROR 3568 --- [           main] o.h.e.j.s.SqlExceptionHelper             : Field 'bid_list_id' doesn't have a default value
]]></system-out>
    <system-err><![CDATA[Loading class `com.mysql.jdbc.Driver'. This is deprecated. The new driver class is `com.mysql.cj.jdbc.Driver'. The driver is automatically registered via the SPI and manual loading of the driver class is generally unnecessary.
]]></system-err>
  </testcase>
</testsuite>